0 verbose cli C:\Program Files\nodejs\node.exe C:\Users\enriq\AppData\Roaming\npm\node_modules\npm\bin\npm-cli.js
1 info using npm@11.18.0
2 info using node@v25.8.0
3 silly config load:file:C:\Users\enriq\AppData\Roaming\npm\node_modules\npm\npmrc
4 silly config load:file:C:\Users\enriq\Desktop\CoupleApp2\.npmrc
5 silly config load:file:C:\Users\enriq\.npmrc
6 silly config load:file:C:\Users\enriq\AppData\Roaming\npm\etc\npmrc
7 verbose title npm install @supabase/supabase-js react-native-url-polyfill
8 verbose argv "install" "--save" "@supabase/supabase-js" "react-native-url-polyfill"
9 verbose logfile logs-max:10 dir:C:\Users\enriq\Desktop\CoupleApp2\.npm-cache\_logs\2026-07-19T17_36_47_976Z-
10 verbose logfile C:\Users\enriq\Desktop\CoupleApp2\.npm-cache\_logs\2026-07-19T17_36_47_976Z-debug-0.log
11 silly logfile done cleaning log files
12 silly packumentCache heap:4496293888 maxSize:1124073472 maxEntrySize:562036736
13 silly idealTree buildDeps
14 silly fetch manifest expo-dev-client@~57.0.7
15 silly packumentCache full:https://registry.npmjs.org/expo-dev-client cache-miss
16 http fetch GET 200 https://registry.npmjs.org/npm 271ms
17 http fetch GET 200 https://registry.npmjs.org/expo-dev-client 302ms (cache miss)
18 silly packumentCache full:https://registry.npmjs.org/expo-dev-client set size:undefined disposed:false
19 silly fetch manifest expo@^57.0.4
20 silly packumentCache full:https://registry.npmjs.org/expo cache-miss
21 http fetch GET 200 https://registry.npmjs.org/expo 154ms (cache miss)
22 silly packumentCache full:https://registry.npmjs.org/expo set size:undefined disposed:false
23 silly fetch manifest @expo/metro-runtime@*
24 silly packumentCache full:https://registry.npmjs.org/@expo%2fmetro-runtime cache-miss
25 http fetch GET 200 https://registry.npmjs.org/@expo%2fmetro-runtime 65ms (cache miss)
26 silly packumentCache full:https://registry.npmjs.org/@expo%2fmetro-runtime set size:undefined disposed:false
27 silly fetch manifest react@19.2.3
28 silly packumentCache full:https://registry.npmjs.org/react cache-miss
29 http fetch GET 200 https://registry.npmjs.org/react 321ms (cache miss)
30 silly packumentCache full:https://registry.npmjs.org/react set size:undefined disposed:false
31 silly fetch manifest react-dom@*
32 silly packumentCache full:https://registry.npmjs.org/react-dom cache-miss
33 http fetch GET 200 https://registry.npmjs.org/react-dom 362ms (cache miss)
34 silly packumentCache full:https://registry.npmjs.org/react-dom set size:undefined disposed:false
35 silly fetch manifest react@^19.2.7
36 silly packumentCache full:https://registry.npmjs.org/react cache-miss
37 http cache https://registry.npmjs.org/react 17ms (cache hit)
38 silly packumentCache full:https://registry.npmjs.org/react set size:6805811 disposed:false
39 silly fetch manifest react-native@0.86.0
40 silly packumentCache full:https://registry.npmjs.org/react-native cache-miss
41 http fetch GET 200 https://registry.npmjs.org/react-native 618ms (cache miss)
42 silly packumentCache full:https://registry.npmjs.org/react-native set size:undefined disposed:false
43 silly fetch manifest @react-native/jest-preset@0.86.0
44 silly packumentCache full:https://registry.npmjs.org/@react-native%2fjest-preset cache-miss
45 http fetch GET 200 https://registry.npmjs.org/@react-native%2fjest-preset 49ms (cache miss)
46 silly packumentCache full:https://registry.npmjs.org/@react-native%2fjest-preset set size:undefined disposed:false
47 silly fetch manifest @types/react@~19.2.4
48 silly packumentCache full:https://registry.npmjs.org/@types%2freact cache-miss
49 http fetch GET 200 https://registry.npmjs.org/@types%2freact 141ms (cache miss)
50 silly packumentCache full:https://registry.npmjs.org/@types%2freact set size:undefined disposed:false
51 silly fetch manifest react-native-web@*
52 silly packumentCache full:https://registry.npmjs.org/react-native-web cache-miss
53 http fetch GET 200 https://registry.npmjs.org/react-native-web 75ms (cache miss)
54 silly packumentCache full:https://registry.npmjs.org/react-native-web set size:undefined disposed:false
55 silly fetch manifest react-native-webview@*
56 silly packumentCache full:https://registry.npmjs.org/react-native-webview cache-miss
57 http fetch GET 200 https://registry.npmjs.org/react-native-webview 95ms (cache miss)
58 silly packumentCache full:https://registry.npmjs.org/react-native-webview set size:undefined disposed:false
59 silly fetch manifest expo-sqlite@~57.0.1
60 silly packumentCache full:https://registry.npmjs.org/expo-sqlite cache-miss
61 http fetch GET 200 https://registry.npmjs.org/expo-sqlite 218ms (cache miss)
62 silly packumentCache full:https://registry.npmjs.org/expo-sqlite set size:undefined disposed:false
63 silly fetch manifest @supabase/supabase-js@*
64 silly packumentCache full:https://registry.npmjs.org/@supabase%2fsupabase-js cache-miss
65 http fetch GET 200 https://registry.npmjs.org/@supabase%2fsupabase-js 158ms (cache miss)
66 silly packumentCache full:https://registry.npmjs.org/@supabase%2fsupabase-js set size:undefined disposed:false
67 silly fetch manifest react-native-url-polyfill@*
68 silly packumentCache full:https://registry.npmjs.org/react-native-url-polyfill cache-miss
69 http fetch GET 200 https://registry.npmjs.org/react-native-url-polyfill 185ms (cache miss)
70 silly packumentCache full:https://registry.npmjs.org/react-native-url-polyfill set size:undefined disposed:false
71 silly placeDep ROOT @supabase/supabase-js@2.110.7 OK for: couple-app@1.0.0 want: *
72 silly placeDep ROOT expo-dev-client@57.0.7 OK for: couple-app@1.0.0 want: ~57.0.7
73 silly placeDep ROOT expo-sqlite@57.0.1 OK for: couple-app@1.0.0 want: ~57.0.1
74 silly placeDep ROOT react-native-url-polyfill@4.0.0 OK for: couple-app@1.0.0 want: *
75 silly fetch manifest @supabase/auth-js@2.110.7
76 silly packumentCache full:https://registry.npmjs.org/@supabase%2fauth-js cache-miss
77 silly fetch manifest @supabase/postgrest-js@2.110.7
78 silly packumentCache full:https://registry.npmjs.org/@supabase%2fpostgrest-js cache-miss
79 silly fetch manifest @supabase/storage-js@2.110.7
80 silly packumentCache full:https://registry.npmjs.org/@supabase%2fstorage-js cache-miss
81 silly fetch manifest @supabase/realtime-js@2.110.7
82 silly packumentCache full:https://registry.npmjs.org/@supabase%2frealtime-js cache-miss
83 silly fetch manifest @supabase/functions-js@2.110.7
84 silly packumentCache full:https://registry.npmjs.org/@supabase%2ffunctions-js cache-miss
85 silly fetch manifest expo-dev-menu@~57.0.7
86 silly packumentCache full:https://registry.npmjs.org/expo-dev-menu cache-miss
87 silly fetch manifest expo-manifests@~57.0.1
88 silly packumentCache full:https://registry.npmjs.org/expo-manifests cache-miss
89 silly fetch manifest expo-dev-launcher@~57.0.7
90 silly packumentCache full:https://registry.npmjs.org/expo-dev-launcher cache-miss
91 silly fetch manifest expo-updates-interface@~57.0.1
92 silly packumentCache full:https://registry.npmjs.org/expo-updates-interface cache-miss
93 silly fetch manifest expo-dev-menu-interface@~57.0.0
94 silly packumentCache full:https://registry.npmjs.org/expo-dev-menu-interface cache-miss
95 silly fetch manifest await-lock@^2.2.2
96 silly packumentCache full:https://registry.npmjs.org/await-lock cache-miss
97 http fetch GET 200 https://registry.npmjs.org/@supabase%2frealtime-js 235ms (cache miss)
98 silly packumentCache full:https://registry.npmjs.org/@supabase%2frealtime-js set size:undefined disposed:false
99 http fetch GET 200 https://registry.npmjs.org/@supabase%2fauth-js 259ms (cache miss)
100 silly packumentCache full:https://registry.npmjs.org/@supabase%2fauth-js set size:undefined disposed:false
101 http fetch GET 200 https://registry.npmjs.org/@supabase%2fpostgrest-js 308ms (cache miss)
102 silly packumentCache full:https://registry.npmjs.org/@supabase%2fpostgrest-js set size:undefined disposed:false
103 http fetch GET 200 https://registry.npmjs.org/await-lock 350ms (cache miss)
104 silly packumentCache full:https://registry.npmjs.org/await-lock set size:undefined disposed:false
105 http fetch GET 200 https://registry.npmjs.org/expo-updates-interface 419ms (cache miss)
106 silly packumentCache full:https://registry.npmjs.org/expo-updates-interface set size:undefined disposed:false
107 http fetch GET 200 https://registry.npmjs.org/expo-manifests 439ms (cache miss)
108 silly packumentCache full:https://registry.npmjs.org/expo-manifests set size:undefined disposed:false
109 http fetch GET 200 https://registry.npmjs.org/expo-dev-menu-interface 451ms (cache miss)
110 silly packumentCache full:https://registry.npmjs.org/expo-dev-menu-interface set size:undefined disposed:false
111 http fetch GET 200 https://registry.npmjs.org/expo-dev-launcher 482ms (cache miss)
112 silly packumentCache full:https://registry.npmjs.org/expo-dev-launcher set size:undefined disposed:false
113 http fetch GET 200 https://registry.npmjs.org/@supabase%2fstorage-js 489ms (cache miss)
114 silly packumentCache full:https://registry.npmjs.org/@supabase%2fstorage-js set size:undefined disposed:false
115 http fetch GET 200 https://registry.npmjs.org/@supabase%2ffunctions-js 502ms (cache miss)
116 silly packumentCache full:https://registry.npmjs.org/@supabase%2ffunctions-js set size:undefined disposed:false
117 http fetch GET 200 https://registry.npmjs.org/expo-dev-menu 507ms (cache miss)
118 silly packumentCache full:https://registry.npmjs.org/expo-dev-menu set size:undefined disposed:false
119 silly placeDep ROOT @supabase/auth-js@2.110.7 OK for: @supabase/supabase-js@2.110.7 want: 2.110.7
120 silly placeDep ROOT @supabase/functions-js@2.110.7 OK for: @supabase/supabase-js@2.110.7 want: 2.110.7
121 silly placeDep ROOT @supabase/postgrest-js@2.110.7 OK for: @supabase/supabase-js@2.110.7 want: 2.110.7
122 silly placeDep ROOT @supabase/realtime-js@2.110.7 OK for: @supabase/supabase-js@2.110.7 want: 2.110.7
123 silly placeDep ROOT @supabase/storage-js@2.110.7 OK for: @supabase/supabase-js@2.110.7 want: 2.110.7
124 silly fetch manifest @supabase/phoenix@0.4.5
125 silly packumentCache full:https://registry.npmjs.org/@supabase%2fphoenix cache-miss
126 silly fetch manifest iceberg-js@^0.8.1
127 silly packumentCache full:https://registry.npmjs.org/iceberg-js cache-miss
128 http fetch GET 200 https://registry.npmjs.org/iceberg-js 30ms (cache miss)
129 silly packumentCache full:https://registry.npmjs.org/iceberg-js set size:undefined disposed:false
130 http fetch GET 200 https://registry.npmjs.org/@supabase%2fphoenix 68ms (cache miss)
131 silly packumentCache full:https://registry.npmjs.org/@supabase%2fphoenix set size:undefined disposed:false
132 silly placeDep ROOT @supabase/phoenix@0.4.5 OK for: @supabase/realtime-js@2.110.7 want: 0.4.5
133 silly placeDep ROOT iceberg-js@0.8.1 OK for: @supabase/storage-js@2.110.7 want: ^0.8.1
134 silly fetch manifest expo@*
135 silly packumentCache full:https://registry.npmjs.org/expo cache-miss
136 http cache https://registry.npmjs.org/expo 10ms (cache hit)
137 silly packumentCache full:https://registry.npmjs.org/expo set size:3946636 disposed:false
138 silly fetch manifest react@*
139 silly packumentCache full:https://registry.npmjs.org/react cache-miss
140 http cache https://registry.npmjs.org/react 18ms (cache hit)
141 silly packumentCache full:https://registry.npmjs.org/react set size:6805811 disposed:false
142 silly fetch manifest react-native@*
143 silly packumentCache full:https://registry.npmjs.org/react-native cache-miss
144 http cache https://registry.npmjs.org/react-native 28ms (cache hit)
145 silly packumentCache full:https://registry.npmjs.org/react-native set size:15518976 disposed:false
146 silly fetch manifest @types/react@^19.1.1
147 silly packumentCache full:https://registry.npmjs.org/@types%2freact cache-miss
148 http cache https://registry.npmjs.org/@types%2freact 10ms (cache hit)
149 silly packumentCache full:https://registry.npmjs.org/@types%2freact set size:2632776 disposed:false
150 silly placeDep ROOT expo-dev-launcher@57.0.7 OK for: expo-dev-client@57.0.7 want: ~57.0.7
151 silly placeDep ROOT expo-dev-menu@57.0.7 OK for: expo-dev-client@57.0.7 want: ~57.0.7
152 silly placeDep ROOT expo-dev-menu-interface@57.0.0 OK for: expo-dev-client@57.0.7 want: ~57.0.0
153 silly placeDep ROOT expo-manifests@57.0.1 OK for: expo-dev-client@57.0.7 want: ~57.0.1
154 silly placeDep ROOT expo-updates-interface@57.0.1 OK for: expo-dev-client@57.0.7 want: ~57.0.1
155 silly fetch manifest @expo/schema-utils@^57.0.2
156 silly packumentCache full:https://registry.npmjs.org/@expo%2fschema-utils cache-miss
157 silly fetch manifest expo-json-utils@~57.0.1
158 silly packumentCache full:https://registry.npmjs.org/expo-json-utils cache-miss
159 http fetch GET 200 https://registry.npmjs.org/@expo%2fschema-utils 48ms (cache miss)
160 silly packumentCache full:https://registry.npmjs.org/@expo%2fschema-utils set size:undefined disposed:false
161 http fetch GET 200 https://registry.npmjs.org/expo-json-utils 236ms (cache miss)
162 silly packumentCache full:https://registry.npmjs.org/expo-json-utils set size:undefined disposed:false
163 silly placeDep ROOT @expo/schema-utils@57.0.2 REPLACE for: expo-dev-launcher@57.0.7 want: ^57.0.2
164 silly placeDep ROOT expo-json-utils@57.0.1 OK for: expo-manifests@57.0.1 want: ~57.0.1
165 silly placeDep ROOT await-lock@2.2.2 OK for: expo-sqlite@57.0.1 want: ^2.2.2
166 silly reify mark retired [
166 silly reify   'C:\\Users\\enriq\\Desktop\\CoupleApp2\\node_modules\\@expo\\schema-utils'
166 silly reify ]
167 silly reify mark retired [
167 silly reify   'C:\\Users\\enriq\\Desktop\\CoupleApp2\\node_modules\\@firebase\\analytics'
167 silly reify ]
168 silly reify mark retired [
168 silly reify   'C:\\Users\\enriq\\Desktop\\CoupleApp2\\node_modules\\@firebase\\analytics-compat'
168 silly reify ]
169 silly reify mark retired [
169 silly reify   'C:\\Users\\enriq\\Desktop\\CoupleApp2\\node_modules\\@firebase\\analytics-types'
169 silly reify ]
170 silly reify mark retired [
170 silly reify   'C:\\Users\\enriq\\Desktop\\CoupleApp2\\node_modules\\@firebase\\app'
170 silly reify ]
171 silly reify mark retired [
171 silly reify   'C:\\Users\\enriq\\Desktop\\CoupleApp2\\node_modules\\@firebase\\app-check'
171 silly reify ]
172 silly reify mark retired [
172 silly reify   'C:\\Users\\enriq\\Desktop\\CoupleApp2\\node_modules\\@firebase\\app-check-compat'
172 silly reify ]
173 silly reify mark retired [
173 silly reify   'C:\\Users\\enriq\\Desktop\\CoupleApp2\\node_modules\\@firebase\\app-check-interop-types'
173 silly reify ]
174 silly reify mark retired [
174 silly reify   'C:\\Users\\enriq\\Desktop\\CoupleApp2\\node_modules\\@firebase\\app-check-types'
174 silly reify ]
175 silly reify mark retired [
175 silly reify   'C:\\Users\\enriq\\Desktop\\CoupleApp2\\node_modules\\@firebase\\app-compat'
175 silly reify ]
176 silly reify mark retired [
176 silly reify   'C:\\Users\\enriq\\Desktop\\CoupleApp2\\node_modules\\@firebase\\app-types'
176 silly reify ]
177 silly reify mark retired [
177 silly reify   'C:\\Users\\enriq\\Desktop\\CoupleApp2\\node_modules\\@firebase\\auth'
177 silly reify ]
178 silly reify mark retired [
178 silly reify   'C:\\Users\\enriq\\Desktop\\CoupleApp2\\node_modules\\@firebase\\auth-compat'
178 silly reify ]
179 silly reify mark retired [
179 silly reify   'C:\\Users\\enriq\\Desktop\\CoupleApp2\\node_modules\\@firebase\\auth-interop-types'
179 silly reify ]
180 silly reify mark retired [
180 silly reify   'C:\\Users\\enriq\\Desktop\\CoupleApp2\\node_modules\\@firebase\\auth-types'
180 silly reify ]
181 silly reify mark retired [
181 silly reify   'C:\\Users\\enriq\\Desktop\\CoupleApp2\\node_modules\\@firebase\\component'
181 silly reify ]
182 silly reify mark retired [
182 silly reify   'C:\\Users\\enriq\\Desktop\\CoupleApp2\\node_modules\\@firebase\\data-connect'
182 silly reify ]
183 silly reify mark retired [
183 silly reify   'C:\\Users\\enriq\\Desktop\\CoupleApp2\\node_modules\\@firebase\\database'
183 silly reify ]
184 silly reify mark retired [
184 silly reify   'C:\\Users\\enriq\\Desktop\\CoupleApp2\\node_modules\\@firebase\\database-compat'
184 silly reify ]
185 silly reify mark retired [
185 silly reify   'C:\\Users\\enriq\\Desktop\\CoupleApp2\\node_modules\\@firebase\\database-types'
185 silly reify ]
186 silly reify mark retired [
186 silly reify   'C:\\Users\\enriq\\Desktop\\CoupleApp2\\node_modules\\@firebase\\firestore'
186 silly reify ]
187 silly reify mark retired [
187 silly reify   'C:\\Users\\enriq\\Desktop\\CoupleApp2\\node_modules\\@firebase\\firestore-compat'
187 silly reify ]
188 silly reify mark retired [
188 silly reify   'C:\\Users\\enriq\\Desktop\\CoupleApp2\\node_modules\\@firebase\\firestore-types'
188 silly reify ]
189 silly reify mark retired [
189 silly reify   'C:\\Users\\enriq\\Desktop\\CoupleApp2\\node_modules\\@firebase\\functions'
189 silly reify ]
190 silly reify mark retired [
190 silly reify   'C:\\Users\\enriq\\Desktop\\CoupleApp2\\node_modules\\@firebase\\functions-compat'
190 silly reify ]
191 silly reify mark retired [
191 silly reify   'C:\\Users\\enriq\\Desktop\\CoupleApp2\\node_modules\\@firebase\\functions-types'
191 silly reify ]
192 silly reify mark retired [
192 silly reify   'C:\\Users\\enriq\\Desktop\\CoupleApp2\\node_modules\\@firebase\\installations'
192 silly reify ]
193 silly reify mark retired [
193 silly reify   'C:\\Users\\enriq\\Desktop\\CoupleApp2\\node_modules\\@firebase\\installations-compat'
193 silly reify ]
194 silly reify mark retired [
194 silly reify   'C:\\Users\\enriq\\Desktop\\CoupleApp2\\node_modules\\@firebase\\installations-types'
194 silly reify ]
195 silly reify mark retired [
195 silly reify   'C:\\Users\\enriq\\Desktop\\CoupleApp2\\node_modules\\@firebase\\logger'
195 silly reify ]
196 silly reify mark retired [
196 silly reify   'C:\\Users\\enriq\\Desktop\\CoupleApp2\\node_modules\\@firebase\\messaging'
196 silly reify ]
197 silly reify mark retired [
197 silly reify   'C:\\Users\\enriq\\Desktop\\CoupleApp2\\node_modules\\@firebase\\messaging-compat'
197 silly reify ]
198 silly reify mark retired [
198 silly reify   'C:\\Users\\enriq\\Desktop\\CoupleApp2\\node_modules\\@firebase\\messaging-interop-types'
198 silly reify ]
199 silly reify mark retired [
199 silly reify   'C:\\Users\\enriq\\Desktop\\CoupleApp2\\node_modules\\@firebase\\performance'
199 silly reify ]
200 silly reify mark retired [
200 silly reify   'C:\\Users\\enriq\\Desktop\\CoupleApp2\\node_modules\\@firebase\\performance-compat'
200 silly reify ]
201 silly reify mark retired [
201 silly reify   'C:\\Users\\enriq\\Desktop\\CoupleApp2\\node_modules\\@firebase\\performance-types'
201 silly reify ]
202 silly reify mark retired [
202 silly reify   'C:\\Users\\enriq\\Desktop\\CoupleApp2\\node_modules\\@firebase\\remote-config'
202 silly reify ]
203 silly reify mark retired [
203 silly reify   'C:\\Users\\enriq\\Desktop\\CoupleApp2\\node_modules\\@firebase\\remote-config-compat'
203 silly reify ]
204 silly reify mark retired [
204 silly reify   'C:\\Users\\enriq\\Desktop\\CoupleApp2\\node_modules\\@firebase\\remote-config-types'
204 silly reify ]
205 silly reify mark retired [
205 silly reify   'C:\\Users\\enriq\\Desktop\\CoupleApp2\\node_modules\\@firebase\\storage'
205 silly reify ]
206 silly reify mark retired [
206 silly reify   'C:\\Users\\enriq\\Desktop\\CoupleApp2\\node_modules\\@firebase\\storage-compat'
206 silly reify ]
207 silly reify mark retired [
207 silly reify   'C:\\Users\\enriq\\Desktop\\CoupleApp2\\node_modules\\@firebase\\storage-types'
207 silly reify ]
208 silly reify mark retired [
208 silly reify   'C:\\Users\\enriq\\Desktop\\CoupleApp2\\node_modules\\@firebase\\util'
208 silly reify ]
209 silly reify mark retired [
209 silly reify   'C:\\Users\\enriq\\Desktop\\CoupleApp2\\node_modules\\@firebase\\vertexai-preview'
209 silly reify ]
210 silly reify mark retired [
210 silly reify   'C:\\Users\\enriq\\Desktop\\CoupleApp2\\node_modules\\@firebase\\webchannel-wrapper'
210 silly reify ]
211 silly reify mark retired [
211 silly reify   'C:\\Users\\enriq\\Desktop\\CoupleApp2\\node_modules\\@grpc\\grpc-js'
211 silly reify ]
212 silly reify mark retired [
212 silly reify   'C:\\Users\\enriq\\Desktop\\CoupleApp2\\node_modules\\@grpc\\proto-loader',
212 silly reify   'C:\\Users\\enriq\\Desktop\\CoupleApp2\\node_modules\\.bin\\proto-loader-gen-types',
212 silly reify   'C:\\Users\\enriq\\Desktop\\CoupleApp2\\node_modules\\.bin\\proto-loader-gen-types.cmd',
212 silly reify   'C:\\Users\\enriq\\Desktop\\CoupleApp2\\node_modules\\.bin\\proto-loader-gen-types.ps1'
212 silly reify ]
213 silly reify mark retired [
213 silly reify   'C:\\Users\\enriq\\Desktop\\CoupleApp2\\node_modules\\@protobufjs\\aspromise'
213 silly reify ]
214 silly reify mark retired [
214 silly reify   'C:\\Users\\enriq\\Desktop\\CoupleApp2\\node_modules\\@protobufjs\\base64'
214 silly reify ]
215 silly reify mark retired [
215 silly reify   'C:\\Users\\enriq\\Desktop\\CoupleApp2\\node_modules\\@protobufjs\\codegen'
215 silly reify ]
216 silly reify mark retired [
216 silly reify   'C:\\Users\\enriq\\Desktop\\CoupleApp2\\node_modules\\@protobufjs\\eventemitter'
216 silly reify ]
217 silly reify mark retired [
217 silly reify   'C:\\Users\\enriq\\Desktop\\CoupleApp2\\node_modules\\@protobufjs\\fetch'
217 silly reify ]
218 silly reify mark retired [
218 silly reify   'C:\\Users\\enriq\\Desktop\\CoupleApp2\\node_modules\\@protobufjs\\float'
218 silly reify ]
219 silly reify mark retired [
219 silly reify   'C:\\Users\\enriq\\Desktop\\CoupleApp2\\node_modules\\@protobufjs\\path'
219 silly reify ]
220 silly reify mark retired [
220 silly reify   'C:\\Users\\enriq\\Desktop\\CoupleApp2\\node_modules\\@protobufjs\\pool'
220 silly reify ]
221 silly reify mark retired [
221 silly reify   'C:\\Users\\enriq\\Desktop\\CoupleApp2\\node_modules\\@protobufjs\\utf8'
221 silly reify ]
222 silly reify mark retired [
222 silly reify   'C:\\Users\\enriq\\Desktop\\CoupleApp2\\node_modules\\faye-websocket'
222 silly reify ]
223 silly reify mark retired [ 'C:\\Users\\enriq\\Desktop\\CoupleApp2\\node_modules\\firebase' ]
224 silly reify mark retired [
224 silly reify   'C:\\Users\\enriq\\Desktop\\CoupleApp2\\node_modules\\http-parser-js'
224 silly reify ]
225 silly reify mark retired [ 'C:\\Users\\enriq\\Desktop\\CoupleApp2\\node_modules\\idb' ]
226 silly reify mark retired [
226 silly reify   'C:\\Users\\enriq\\Desktop\\CoupleApp2\\node_modules\\lodash.camelcase'
226 silly reify ]
227 silly reify mark retired [ 'C:\\Users\\enriq\\Desktop\\CoupleApp2\\node_modules\\long' ]
228 silly reify mark retired [ 'C:\\Users\\enriq\\Desktop\\CoupleApp2\\node_modules\\protobufjs' ]
229 silly reify mark retired [ 'C:\\Users\\enriq\\Desktop\\CoupleApp2\\node_modules\\undici' ]
230 silly reify mark retired [
230 silly reify   'C:\\Users\\enriq\\Desktop\\CoupleApp2\\node_modules\\websocket-driver'
230 silly reify ]
231 silly reify mark retired [
231 silly reify   'C:\\Users\\enriq\\Desktop\\CoupleApp2\\node_modules\\websocket-extensions'
231 silly reify ]
232 silly reify moves {
232 silly reify   'C:\\Users\\enriq\\Desktop\\CoupleApp2\\node_modules\\@expo\\schema-utils': 'C:\\Users\\enriq\\Desktop\\CoupleApp2\\node_modules\\@expo\\.schema-utils-FgMyWdP2',
232 silly reify   'C:\\Users\\enriq\\Desktop\\CoupleApp2\\node_modules\\@firebase\\analytics': 'C:\\Users\\enriq\\Desktop\\CoupleApp2\\node_modules\\@firebase\\.analytics-a6iXp1uy',
232 silly reify   'C:\\Users\\enriq\\Desktop\\CoupleApp2\\node_modules\\@firebase\\analytics-compat': 'C:\\Users\\enriq\\Desktop\\CoupleApp2\\node_modules\\@firebase\\.analytics-compat-zVWn6Shh',
232 silly reify   'C:\\Users\\enriq\\Desktop\\CoupleApp2\\node_modules\\@firebase\\analytics-types': 'C:\\Users\\enriq\\Desktop\\CoupleApp2\\node_modules\\@firebase\\.analytics-types-PSA6JD0e',
232 silly reify   'C:\\Users\\enriq\\Desktop\\CoupleApp2\\node_modules\\@firebase\\app': 'C:\\Users\\enriq\\Desktop\\CoupleApp2\\node_modules\\@firebase\\.app-oZBVE8f9',
232 silly reify   'C:\\Users\\enriq\\Desktop\\CoupleApp2\\node_modules\\@firebase\\app-check': 'C:\\Users\\enriq\\Desktop\\CoupleApp2\\node_modules\\@firebase\\.app-check-GcN3SLkA',
232 silly reify   'C:\\Users\\enriq\\Desktop\\CoupleApp2\\node_modules\\@firebase\\app-check-compat': 'C:\\Users\\enriq\\Desktop\\CoupleApp2\\node_modules\\@firebase\\.app-check-compat-dJhIjMpD',
232 silly reify   'C:\\Users\\enriq\\Desktop\\CoupleApp2\\node_modules\\@firebase\\app-check-interop-types': 'C:\\Users\\enriq\\Desktop\\CoupleApp2\\node_modules\\@firebase\\.app-check-interop-types-lSv959Vk',
232 silly reify   'C:\\Users\\enriq\\Desktop\\CoupleApp2\\node_modules\\@firebase\\app-check-types': 'C:\\Users\\enriq\\Desktop\\CoupleApp2\\node_modules\\@firebase\\.app-check-types-juF3MsRA',
232 silly reify   'C:\\Users\\enriq\\Desktop\\CoupleApp2\\node_modules\\@firebase\\app-compat': 'C:\\Users\\enriq\\Desktop\\CoupleApp2\\node_modules\\@firebase\\.app-compat-kkavMQxG',
232 silly reify   'C:\\Users\\enriq\\Desktop\\CoupleApp2\\node_modules\\@firebase\\app-types': 'C:\\Users\\enriq\\Desktop\\CoupleApp2\\node_modules\\@firebase\\.app-types-RtEKbltV',
232 silly reify   'C:\\Users\\enriq\\Desktop\\CoupleApp2\\node_modules\\@firebase\\auth': 'C:\\Users\\enriq\\Desktop\\CoupleApp2\\node_modules\\@firebase\\.auth-uM68Dr7O',
232 silly reify   'C:\\Users\\enriq\\Desktop\\CoupleApp2\\node_modules\\@firebase\\auth-compat': 'C:\\Users\\enriq\\Desktop\\CoupleApp2\\node_modules\\@firebase\\.auth-compat-ls4YrKME',
232 silly reify   'C:\\Users\\enriq\\Desktop\\CoupleApp2\\node_modules\\@firebase\\auth-interop-types': 'C:\\Users\\enriq\\Desktop\\CoupleApp2\\node_modules\\@firebase\\.auth-interop-types-JsDrHgxU',
232 silly reify   'C:\\Users\\enriq\\Desktop\\CoupleApp2\\node_modules\\@firebase\\auth-types': 'C:\\Users\\enriq\\Desktop\\CoupleApp2\\node_modules\\@firebase\\.auth-types-fd6ae6iH',
232 silly reify   'C:\\Users\\enriq\\Desktop\\CoupleApp2\\node_modules\\@firebase\\component': 'C:\\Users\\enriq\\Desktop\\CoupleApp2\\node_modules\\@firebase\\.component-GneCtCZG',
232 silly reify   'C:\\Users\\enriq\\Desktop\\CoupleApp2\\node_modules\\@firebase\\data-connect': 'C:\\Users\\enriq\\Desktop\\CoupleApp2\\node_modules\\@firebase\\.data-connect-e9Jdv6IB',
232 silly reify   'C:\\Users\\enriq\\Desktop\\CoupleApp2\\node_modules\\@firebase\\database': 'C:\\Users\\enriq\\Desktop\\CoupleApp2\\node_modules\\@firebase\\.database-xv96bQEB',
232 silly reify   'C:\\Users\\enriq\\Desktop\\CoupleApp2\\node_modules\\@firebase\\database-compat': 'C:\\Users\\enriq\\Desktop\\CoupleApp2\\node_modules\\@firebase\\.database-compat-bpi3h9Xr',
232 silly reify   'C:\\Users\\enriq\\Desktop\\CoupleApp2\\node_modules\\@firebase\\database-types': 'C:\\Users\\enriq\\Desktop\\CoupleApp2\\node_modules\\@firebase\\.database-types-1PVVoCRb',
232 silly reify   'C:\\Users\\enriq\\Desktop\\CoupleApp2\\node_modules\\@firebase\\firestore': 'C:\\Users\\enriq\\Desktop\\CoupleApp2\\node_modules\\@firebase\\.firestore-8UOm4UpC',
232 silly reify   'C:\\Users\\enriq\\Desktop\\CoupleApp2\\node_modules\\@firebase\\firestore-compat': 'C:\\Users\\enriq\\Desktop\\CoupleApp2\\node_modules\\@firebase\\.firestore-compat-J212sSfU',
232 silly reify   'C:\\Users\\enriq\\Desktop\\CoupleApp2\\node_modules\\@firebase\\firestore-types': 'C:\\Users\\enriq\\Desktop\\CoupleApp2\\node_modules\\@firebase\\.firestore-types-uTUG9vMk',
232 silly reify   'C:\\Users\\enriq\\Desktop\\CoupleApp2\\node_modules\\@firebase\\functions': 'C:\\Users\\enriq\\Desktop\\CoupleApp2\\node_modules\\@firebase\\.functions-Stbb295Y',
232 silly reify   'C:\\Users\\enriq\\Desktop\\CoupleApp2\\node_modules\\@firebase\\functions-compat': 'C:\\Users\\enriq\\Desktop\\CoupleApp2\\node_modules\\@firebase\\.functions-compat-4WDcpAfU',
232 silly reify   'C:\\Users\\enriq\\Desktop\\CoupleApp2\\node_modules\\@firebase\\functions-types': 'C:\\Users\\enriq\\Desktop\\CoupleApp2\\node_modules\\@firebase\\.functions-types-t2JiUvHT',
232 silly reify   'C:\\Users\\enriq\\Desktop\\CoupleApp2\\node_modules\\@firebase\\installations': 'C:\\Users\\enriq\\Desktop\\CoupleApp2\\node_modules\\@firebase\\.installations-LclKzH1U',
232 silly reify   'C:\\Users\\enriq\\Desktop\\CoupleApp2\\node_modules\\@firebase\\installations-compat': 'C:\\Users\\enriq\\Desktop\\CoupleApp2\\node_modules\\@firebase\\.installations-compat-MWqeDfoP',
232 silly reify   'C:\\Users\\enriq\\Desktop\\CoupleApp2\\node_modules\\@firebase\\installations-types': 'C:\\Users\\enriq\\Desktop\\CoupleApp2\\node_modules\\@firebase\\.installations-types-m97OvmWj',
232 silly reify   'C:\\Users\\enriq\\Desktop\\CoupleApp2\\node_modules\\@firebase\\logger': 'C:\\Users\\enriq\\Desktop\\CoupleApp2\\node_modules\\@firebase\\.logger-BgXwwzXn',
232 silly reify   'C:\\Users\\enriq\\Desktop\\CoupleApp2\\node_modules\\@firebase\\messaging': 'C:\\Users\\enriq\\Desktop\\CoupleApp2\\node_modules\\@firebase\\.messaging-ATmfCPIV',
232 silly reify   'C:\\Users\\enriq\\Desktop\\CoupleApp2\\node_modules\\@firebase\\messaging-compat': 'C:\\Users\\enriq\\Desktop\\CoupleApp2\\node_modules\\@firebase\\.messaging-compat-nJ3hp2si',
232 silly reify   'C:\\Users\\enriq\\Desktop\\CoupleApp2\\node_modules\\@firebase\\messaging-interop-types': 'C:\\Users\\enriq\\Desktop\\CoupleApp2\\node_modules\\@firebase\\.messaging-interop-types-c8KLyeIH',
232 silly reify   'C:\\Users\\enriq\\Desktop\\CoupleApp2\\node_modules\\@firebase\\performance': 'C:\\Users\\enriq\\Desktop\\CoupleApp2\\node_modules\\@firebase\\.performance-swaW8Dku',
232 silly reify   'C:\\Users\\enriq\\Desktop\\CoupleApp2\\node_modules\\@firebase\\performance-compat': 'C:\\Users\\enriq\\Desktop\\CoupleApp2\\node_modules\\@firebase\\.performance-compat-X0isBSgP',
232 silly reify   'C:\\Users\\enriq\\Desktop\\CoupleApp2\\node_modules\\@firebase\\performance-types': 'C:\\Users\\enriq\\Desktop\\CoupleApp2\\node_modules\\@firebase\\.performance-types-hOF3D3uB',
232 silly reify   'C:\\Users\\enriq\\Desktop\\CoupleApp2\\node_modules\\@firebase\\remote-config': 'C:\\Users\\enriq\\Desktop\\CoupleApp2\\node_modules\\@firebase\\.remote-config-wDTDXLlY',
232 silly reify   'C:\\Users\\enriq\\Desktop\\CoupleApp2\\node_modules\\@firebase\\remote-config-compat': 'C:\\Users\\enriq\\Desktop\\CoupleApp2\\node_modules\\@firebase\\.remote-config-compat-nj82NW0A',
232 silly reify   'C:\\Users\\enriq\\Desktop\\CoupleApp2\\node_modules\\@firebase\\remote-config-types': 'C:\\Users\\enriq\\Desktop\\CoupleApp2\\node_modules\\@firebase\\.remote-config-types-Xr98UbpB',
232 silly reify   'C:\\Users\\enriq\\Desktop\\CoupleApp2\\node_modules\\@firebase\\storage': 'C:\\Users\\enriq\\Desktop\\CoupleApp2\\node_modules\\@firebase\\.storage-vNlKlQ56',
232 silly reify   'C:\\Users\\enriq\\Desktop\\CoupleApp2\\node_modules\\@firebase\\storage-compat': 'C:\\Users\\enriq\\Desktop\\CoupleApp2\\node_modules\\@firebase\\.storage-compat-McdyrwMy',
232 silly reify   'C:\\Users\\enriq\\Desktop\\CoupleApp2\\node_modules\\@firebase\\storage-types': 'C:\\Users\\enriq\\Desktop\\CoupleApp2\\node_modules\\@firebase\\.storage-types-1O4aYoEx',
232 silly reify   'C:\\Users\\enriq\\Desktop\\CoupleApp2\\node_modules\\@firebase\\util': 'C:\\Users\\enriq\\Desktop\\CoupleApp2\\node_modules\\@firebase\\.util-fQHmaOvb',
232 silly reify   'C:\\Users\\enriq\\Desktop\\CoupleApp2\\node_modules\\@firebase\\vertexai-preview': 'C:\\Users\\enriq\\Desktop\\CoupleApp2\\node_modules\\@firebase\\.vertexai-preview-9kg3FuxU',
232 silly reify   'C:\\Users\\enriq\\Desktop\\CoupleApp2\\node_modules\\@firebase\\webchannel-wrapper': 'C:\\Users\\enriq\\Desktop\\CoupleApp2\\node_modules\\@firebase\\.webchannel-wrapper-O5TSkXno',
232 silly reify   'C:\\Users\\enriq\\Desktop\\CoupleApp2\\node_modules\\@grpc\\grpc-js': 'C:\\Users\\enriq\\Desktop\\CoupleApp2\\node_modules\\@grpc\\.grpc-js-x82sCfgB',
232 silly reify   'C:\\Users\\enriq\\Desktop\\CoupleApp2\\node_modules\\@grpc\\proto-loader': 'C:\\Users\\enriq\\Desktop\\CoupleApp2\\node_modules\\@grpc\\.proto-loader-6sSLFq6c',
232 silly reify   'C:\\Users\\enriq\\Desktop\\CoupleApp2\\node_modules\\.bin\\proto-loader-gen-types': 'C:\\Users\\enriq\\Desktop\\CoupleApp2\\node_modules\\.bin\\.proto-loader-gen-types-1W20rHI6',
232 silly reify   'C:\\Users\\enriq\\Desktop\\CoupleApp2\\node_modules\\.bin\\proto-loader-gen-types.cmd': 'C:\\Users\\enriq\\Desktop\\CoupleApp2\\node_modules\\.bin\\.proto-loader-gen-types.cmd-qNuOK6HS',
232 silly reify   'C:\\Users\\enriq\\Desktop\\CoupleApp2\\node_modules\\.bin\\proto-loader-gen-types.ps1': 'C:\\Users\\enriq\\Desktop\\CoupleApp2\\node_modules\\.bin\\.proto-loader-gen-types.ps1-xew1z7Cw',
232 silly reify   'C:\\Users\\enriq\\Desktop\\CoupleApp2\\node_modules\\@protobufjs\\aspromise': 'C:\\Users\\enriq\\Desktop\\CoupleApp2\\node_modules\\@protobufjs\\.aspromise-bKZBahbv',
232 silly reify   'C:\\Users\\enriq\\Desktop\\CoupleApp2\\node_modules\\@protobufjs\\base64': 'C:\\Users\\enriq\\Desktop\\CoupleApp2\\node_modules\\@protobufjs\\.base64-qBHSfdEH',
232 silly reify   'C:\\Users\\enriq\\Desktop\\CoupleApp2\\node_modules\\@protobufjs\\codegen': 'C:\\Users\\enriq\\Desktop\\CoupleApp2\\node_modules\\@protobufjs\\.codegen-9aNWn81m',
232 silly reify   'C:\\Users\\enriq\\Desktop\\CoupleApp2\\node_modules\\@protobufjs\\eventemitter': 'C:\\Users\\enriq\\Desktop\\CoupleApp2\\node_modules\\@protobufjs\\.eventemitter-iFDriV0Y',
232 silly reify   'C:\\Users\\enriq\\Desktop\\CoupleApp2\\node_modules\\@protobufjs\\fetch': 'C:\\Users\\enriq\\Desktop\\CoupleApp2\\node_modules\\@protobufjs\\.fetch-O2f1TmvO',
232 silly reify   'C:\\Users\\enriq\\Desktop\\CoupleApp2\\node_modules\\@protobufjs\\float': 'C:\\Users\\enriq\\Desktop\\CoupleApp2\\node_modules\\@protobufjs\\.float-zRQLtJCc',
232 silly reify   'C:\\Users\\enriq\\Desktop\\CoupleApp2\\node_modules\\@protobufjs\\path': 'C:\\Users\\enriq\\Desktop\\CoupleApp2\\node_modules\\@protobufjs\\.path-zaJTEoUB',
232 silly reify   'C:\\Users\\enriq\\Desktop\\CoupleApp2\\node_modules\\@protobufjs\\pool': 'C:\\Users\\enriq\\Desktop\\CoupleApp2\\node_modules\\@protobufjs\\.pool-liR464aW',
232 silly reify   'C:\\Users\\enriq\\Desktop\\CoupleApp2\\node_modules\\@protobufjs\\utf8': 'C:\\Users\\enriq\\Desktop\\CoupleApp2\\node_modules\\@protobufjs\\.utf8-oQPJetLs',
232 silly reify   'C:\\Users\\enriq\\Desktop\\CoupleApp2\\node_modules\\faye-websocket': 'C:\\Users\\enriq\\Desktop\\CoupleApp2\\node_modules\\.faye-websocket-Od69IbLX',
232 silly reify   'C:\\Users\\enriq\\Desktop\\CoupleApp2\\node_modules\\firebase': 'C:\\Users\\enriq\\Desktop\\CoupleApp2\\node_modules\\.firebase-BZA8JnCv',
232 silly reify   'C:\\Users\\enriq\\Desktop\\CoupleApp2\\node_modules\\http-parser-js': 'C:\\Users\\enriq\\Desktop\\CoupleApp2\\node_modules\\.http-parser-js-Lm2dz3E9',
232 silly reify   'C:\\Users\\enriq\\Desktop\\CoupleApp2\\node_modules\\idb': 'C:\\Users\\enriq\\Desktop\\CoupleApp2\\node_modules\\.idb-XgSytO6D',
232 silly reify   'C:\\Users\\enriq\\Desktop\\CoupleApp2\\node_modules\\lodash.camelcase': 'C:\\Users\\enriq\\Desktop\\CoupleApp2\\node_modules\\.lodash.camelcase-1ySLTlgY',
232 silly reify   'C:\\Users\\enriq\\Desktop\\CoupleApp2\\node_modules\\long': 'C:\\Users\\enriq\\Desktop\\CoupleApp2\\node_modules\\.long-31B3U9BR',
232 silly reify   'C:\\Users\\enriq\\Desktop\\CoupleApp2\\node_modules\\protobufjs': 'C:\\Users\\enriq\\Desktop\\CoupleApp2\\node_modules\\.protobufjs-YtcwPXZ4',
232 silly reify   'C:\\Users\\enriq\\Desktop\\CoupleApp2\\node_modules\\undici': 'C:\\Users\\enriq\\Desktop\\CoupleApp2\\node_modules\\.undici-9MOJSNNT',
232 silly reify   'C:\\Users\\enriq\\Desktop\\CoupleApp2\\node_modules\\websocket-driver': 'C:\\Users\\enriq\\Desktop\\CoupleApp2\\node_modules\\.websocket-driver-jwNFtf8W',
232 silly reify   'C:\\Users\\enriq\\Desktop\\CoupleApp2\\node_modules\\websocket-extensions': 'C:\\Users\\enriq\\Desktop\\CoupleApp2\\node_modules\\.websocket-extensions-8t6rlLLN'
232 silly reify }
233 silly audit bulk request {
233 silly audit   '@babel/code-frame': [ '7.29.7' ],
233 silly audit   '@babel/compat-data': [ '7.29.7' ],
233 silly audit   '@babel/core': [ '7.29.7' ],
233 silly audit   semver: [ '6.3.1', '7.8.5' ],
233 silly audit   '@babel/generator': [ '7.29.7' ],
233 silly audit   '@babel/helper-annotate-as-pure': [ '7.29.7' ],
233 silly audit   '@babel/helper-compilation-targets': [ '7.29.7' ],
233 silly audit   '@babel/helper-create-class-features-plugin': [ '7.29.7' ],
233 silly audit   '@babel/helper-create-regexp-features-plugin': [ '7.29.7' ],
233 silly audit   '@babel/helper-define-polyfill-provider': [ '0.6.8' ],
233 silly audit   '@babel/helper-globals': [ '7.29.7' ],
233 silly audit   '@babel/helper-member-expression-to-functions': [ '7.29.7' ],
233 silly audit   '@babel/helper-module-imports': [ '7.29.7' ],
233 silly audit   '@babel/helper-module-transforms': [ '7.29.7' ],
233 silly audit   '@babel/helper-optimise-call-expression': [ '7.29.7' ],
233 silly audit   '@babel/helper-plugin-utils': [ '7.29.7' ],
233 silly audit   '@babel/helper-remap-async-to-generator': [ '7.29.7' ],
233 silly audit   '@babel/helper-replace-supers': [ '7.29.7' ],
233 silly audit   '@babel/helper-skip-transparent-expression-wrappers': [ '7.29.7' ],
233 silly audit   '@babel/helper-string-parser': [ '7.29.7' ],
233 silly audit   '@babel/helper-validator-identifier': [ '7.29.7' ],
233 silly audit   '@babel/helper-validator-option': [ '7.29.7' ],
233 silly audit   '@babel/helper-wrap-function': [ '7.29.7' ],
233 silly audit   '@babel/helpers': [ '7.29.7' ],
233 silly audit   '@babel/parser': [ '7.29.7' ],
233 silly audit   '@babel/plugin-proposal-decorators': [ '7.29.7' ],
233 silly audit   '@babel/plugin-proposal-export-default-from': [ '7.29.7' ],
233 silly audit   '@babel/plugin-syntax-decorators': [ '7.29.7' ],
233 silly audit   '@babel/plugin-syntax-dynamic-import': [ '7.8.3' ],
233 silly audit   '@babel/plugin-syntax-export-default-from': [ '7.29.7' ],
233 silly audit   '@babel/plugin-syntax-flow': [ '7.29.7' ],
233 silly audit   '@babel/plugin-syntax-jsx': [ '7.29.7' ],
233 silly audit   '@babel/plugin-syntax-nullish-coalescing-operator': [ '7.8.3' ],
233 silly audit   '@babel/plugin-syntax-optional-chaining': [ '7.8.3' ],
233 silly audit   '@babel/plugin-syntax-typescript': [ '7.29.7' ],
233 silly audit   '@babel/plugin-transform-async-generator-functions': [ '7.29.7' ],
233 silly audit   '@babel/plugin-transform-async-to-generator': [ '7.29.7' ],
233 silly audit   '@babel/plugin-transform-block-scoping': [ '7.29.7' ],
233 silly audit   '@babel/plugin-transform-class-properties': [ '7.29.7' ],
233 silly audit   '@babel/plugin-transform-class-static-block': [ '7.29.7' ],
233 silly audit   '@babel/plugin-transform-classes': [ '7.29.7' ],
233 silly audit   '@babel/plugin-transform-destructuring': [ '7.29.7' ],
233 silly audit   '@babel/plugin-transform-export-namespace-from': [ '7.29.7' ],
233 silly audit   '@babel/plugin-transform-flow-strip-types': [ '7.29.7' ],
233 silly audit   '@babel/plugin-transform-for-of': [ '7.29.7' ],
233 silly audit   '@babel/plugin-transform-logical-assignment-operators': [ '7.29.7' ],
233 silly audit   '@babel/plugin-transform-modules-commonjs': [ '7.29.7' ],
233 silly audit   '@babel/plugin-transform-named-capturing-groups-regex': [ '7.29.7' ],
233 silly audit   '@babel/plugin-transform-nullish-coalescing-operator': [ '7.29.7' ],
233 silly audit   '@babel/plugin-transform-object-rest-spread': [ '7.29.7' ],
233 silly audit   '@babel/plugin-transform-optional-catch-binding': [ '7.29.7' ],
233 silly audit   '@babel/plugin-transform-optional-chaining': [ '7.29.7' ],
233 silly audit   '@babel/plugin-transform-parameters': [ '7.29.7' ],
233 silly audit   '@babel/plugin-transform-private-methods': [ '7.29.7' ],
233 silly audit   '@babel/plugin-transform-private-property-in-object': [ '7.29.7' ],
233 silly audit   '@babel/plugin-transform-react-display-name': [ '7.29.7' ],
233 silly audit   '@babel/plugin-transform-react-jsx': [ '7.29.7' ],
233 silly audit   '@babel/plugin-transform-react-jsx-development': [ '7.29.7' ],
233 silly audit   '@babel/plugin-transform-react-pure-annotations': [ '7.29.7' ],
233 silly audit   '@babel/plugin-transform-runtime': [ '7.29.7' ],
233 silly audit   '@babel/plugin-transform-typescript': [ '7.29.7' ],
233 silly audit   '@babel/plugin-transform-unicode-regex': [ '7.29.7' ],
233 silly audit   '@babel/preset-typescript': [ '7.29.7' ],
233 silly audit   '@babel/runtime': [ '7.29.7' ],
233 silly audit   '@babel/template': [ '7.29.7' ],
233 silly audit   '@babel/traverse': [ '7.29.7' ],
233 silly audit   '@babel/types': [ '7.29.7' ],
233 silly audit   '@expo/code-signing-certificates': [ '0.0.6' ],
233 silly audit   '@expo/config': [ '57.0.3' ],
233 silly audit   '@expo/config-plugins': [ '57.0.3' ],
233 silly audit   '@expo/config-types': [ '57.0.1' ],
233 silly audit   '@expo/devcert': [ '1.2.1' ],
233 silly audit   debug: [ '3.2.7', '2.6.9', '4.4.3' ],
233 silly audit   '@expo/devtools': [ '57.0.0' ],
233 silly audit   '@expo/env': [ '2.4.1' ],
233 silly audit   '@expo/expo-modules-macros-plugin': [ '0.3.0' ],
233 silly audit   '@expo/fingerprint': [ '0.20.3' ],
233 silly audit   '@expo/image-utils': [ '0.11.1' ],
233 silly audit   '@expo/inline-modules': [ '0.1.2' ],
233 silly audit   '@expo/json-file': [ '11.0.0' ],
233 silly audit   '@expo/local-build-cache-provider': [ '57.0.2' ],
233 silly audit   '@expo/metro': [ '56.0.0' ],
233 silly audit   '@expo/metro-file-map': [ '57.0.0' ],
233 silly audit   '@expo/osascript': [ '2.7.0' ],
233 silly audit   '@expo/package-manager': [ '1.13.0' ],
233 silly audit   '@expo/plist': [ '0.8.0' ],
233 silly audit   '@expo/prebuild-config': [ '57.0.5' ],
233 silly audit   '@expo/require-utils': [ '57.0.1' ],
233 silly audit   '@expo/sdk-runtime-versions': [ '1.0.0' ],
233 silly audit   '@expo/spawn-async': [ '1.8.0' ],
233 silly audit   '@expo/sudo-prompt': [ '9.3.2' ],
233 silly audit   '@expo/xcpretty': [ '4.4.4' ],
233 silly audit   '@isaacs/ttlcache': [ '1.4.1' ],
233 silly audit   '@jest/schemas': [ '29.6.3' ],
233 silly audit   '@jridgewell/gen-mapping': [ '0.3.13' ],
233 silly audit   '@jridgewell/remapping': [ '2.3.5' ],
233 silly audit   '@jridgewell/resolve-uri': [ '3.1.2' ],
233 silly audit   '@jridgewell/source-map': [ '0.3.11' ],
233 silly audit   '@jridgewell/sourcemap-codec': [ '1.5.5' ],
233 silly audit   '@jridgewell/trace-mapping': [ '0.3.31' ],
233 silly audit   '@react-native/assets-registry': [ '0.86.0' ],
233 silly audit   '@react-native/babel-plugin-codegen': [ '0.86.0' ],
233 silly audit   '@react-native/codegen': [ '0.86.0' ],
233 silly audit   '@react-native/community-cli-plugin': [ '0.86.0' ],
233 silly audit   '@react-native/debugger-frontend': [ '0.86.0' ],
233 silly audit   '@react-native/debugger-shell': [ '0.86.0' ],
233 silly audit   '@react-native/dev-middleware': [ '0.86.0' ],
233 silly audit   '@react-native/gradle-plugin': [ '0.86.0' ],
233 silly audit   '@react-native/js-polyfills': [ '0.86.0' ],
233 silly audit   '@react-native/normalize-colors': [ '0.86.0' ],
233 silly audit   '@react-native/virtualized-lists': [ '0.86.0' ],
233 silly audit   '@react-navigation/bottom-tabs': [ '6.6.1' ],
233 silly audit   '@react-navigation/core': [ '6.4.17' ],
233 silly audit   '@react-navigation/elements': [ '1.3.31' ],
233 silly audit   '@react-navigation/native': [ '6.1.18' ],
233 silly audit   '@react-navigation/native-stack': [ '6.11.0' ],
233 silly audit   '@react-navigation/routers': [ '6.1.9' ],
233 silly audit   '@sinclair/typebox': [ '0.27.10' ],
233 silly audit   '@types/istanbul-lib-coverage': [ '2.0.6' ],
233 silly audit   '@types/istanbul-lib-report': [ '3.0.3' ],
233 silly audit   '@types/node': [ '18.19.130' ],
233 silly audit   '@types/react': [ '19.2.17' ],
233 silly audit   '@types/yargs-parser': [ '21.0.3' ],
233 silly audit   '@ungap/structured-clone': [ '1.3.3' ],
233 silly audit   '@xmldom/xmldom': [ '0.8.13', '0.9.10' ],
233 silly audit   'abort-controller': [ '3.0.0' ],
233 silly audit   accepts: [ '2.0.0', '1.3.8' ],
233 silly audit   acorn: [ '8.17.0' ],
233 silly audit   'agent-base': [ '7.1.4' ],
233 silly audit   'agent-cli-detector': [ '0.1.2' ],
233 silly audit   anser: [ '1.4.10' ],
233 silly audit   'ansi-escapes': [ '4.3.2' ],
233 silly audit   'type-fest': [ '0.21.3', '0.7.1' ],
233 silly audit   'ansi-regex': [ '5.0.1', '4.1.1' ],
233 silly audit   'ansi-styles': [ '4.3.0', '3.2.1', '5.2.0' ],
233 silly audit   arg: [ '5.0.2' ],
233 silly audit   argparse: [ '2.0.1' ],
233 silly audit   asap: [ '2.0.6' ],
233 silly audit   'babel-plugin-polyfill-corejs2': [ '0.4.17' ],
233 silly audit   'babel-plugin-polyfill-corejs3': [ '0.13.0' ],
233 silly audit   'babel-plugin-polyfill-regenerator': [ '0.6.8' ],
233 silly audit   'babel-plugin-react-compiler': [ '1.0.0' ],
233 silly audit   'babel-plugin-react-native-web': [ '0.21.2' ],
233 silly audit   'babel-plugin-syntax-hermes-parser': [ '0.36.0' ],
233 silly audit   'babel-plugin-transform-flow-enums': [ '0.0.2' ],
233 silly audit   badgin: [ '1.2.3' ],
233 silly audit   'balanced-match': [ '4.0.4' ],
233 silly audit   'base64-js': [ '1.5.1' ],
233 silly audit   'baseline-browser-mapping': [ '2.10.43' ],
233 silly audit   'big-integer': [ '1.6.52' ],
233 silly audit   'bplist-creator': [ '0.1.0' ],
233 silly audit   'bplist-parser': [ '0.3.2', '0.3.1' ],
233 silly audit   'brace-expansion': [ '5.0.7' ],
233 silly audit   braces: [ '3.0.3' ],
233 silly audit   browserslist: [ '4.28.6' ],
233 silly audit   bser: [ '2.1.1' ],
233 silly audit   'buffer-from': [ '1.1.2' ],
233 silly audit   bytes: [ '3.1.2' ],
233 silly audit   camelcase: [ '6.3.0' ],
233 silly audit   'caniuse-lite': [ '1.0.30001805' ],
233 silly audit   chalk: [ '4.1.2', '2.4.2' ],
233 silly audit   'chrome-launcher': [ '0.15.2' ],
233 silly audit   'chromium-edge-launcher': [ '0.3.0' ],
233 silly audit   'ci-info': [ '3.9.0', '2.0.0' ],
233 silly audit   'cli-cursor': [ '2.1.0' ],
233 silly audit   'cli-spinners': [ '2.9.2' ],
233 silly audit   cliui: [ '8.0.1' ],
233 silly audit   'strip-ansi': [ '6.0.1', '5.2.0' ],
233 silly audit   clone: [ '1.0.4' ],
233 silly audit   color: [ '4.2.3' ],
233 silly audit   'color-convert': [ '2.0.1', '1.9.3' ],
233 silly audit   'color-name': [ '1.1.4', '1.1.3' ],
233 silly audit   'color-string': [ '1.9.1' ],
233 silly audit   commander: [ '7.2.0', '12.1.0', '2.20.3' ],
233 silly audit   compressible: [ '2.0.18' ],
233 silly audit   compression: [ '1.8.1' ],
233 silly audit   ms: [ '2.0.0', '2.1.3' ],
233 silly audit   negotiator: [ '0.6.4', '0.6.3', '1.0.0' ],
233 silly audit   connect: [ '3.7.0' ],
233 silly audit   'convert-source-map': [ '2.0.0' ],
233 silly audit   'core-js-compat': [ '3.49.0' ],
233 silly audit   'cross-spawn': [ '7.0.6' ],
233 silly audit   csstype: [ '3.2.3' ],
233 silly audit   'date-fns': [ '3.6.0' ],
233 silly audit   'decode-uri-component': [ '0.2.2' ],
233 silly audit   deepmerge: [ '4.3.1' ],
233 silly audit   defaults: [ '1.0.4' ],
233 silly audit   depd: [ '2.0.0' ],
233 silly audit   destroy: [ '1.2.0' ],
233 silly audit   'detect-libc': [ '2.1.2' ],
233 silly audit   'dnssd-advertise': [ '1.1.6' ],
233 silly audit   'ee-first': [ '1.1.1' ],
233 silly audit   'electron-to-chromium': [ '1.5.389' ],
233 silly audit   'emoji-regex': [ '8.0.0' ],
233 silly audit   encodeurl: [ '1.0.2', '2.0.0' ],
233 silly audit   'error-stack-parser': [ '2.1.4' ],
233 silly audit   'es-errors': [ '1.3.0' ],
233 silly audit   escalade: [ '3.2.0' ],
233 silly audit   'escape-html': [ '1.0.3' ],
233 silly audit   'escape-string-regexp': [ '4.0.0', '1.0.5' ],
233 silly audit   etag: [ '1.8.1' ],
233 silly audit   'event-target-shim': [ '5.0.1' ],
233 silly audit   expo: [ '57.0.4' ],
233 silly audit   'expo-application': [ '57.0.0' ],
233 silly audit   'expo-constants': [ '57.0.3' ],
233 silly audit   'expo-image-loader': [ '57.0.0' ],
233 silly audit   'expo-image-picker': [ '57.0.2' ],
233 silly audit   'expo-location': [ '57.0.2' ],
233 silly audit   'expo-modules-autolinking': [ '57.0.5' ],
233 silly audit   'expo-modules-core': [ '57.0.3' ],
233 silly audit   'expo-modules-jsi': [ '57.0.1' ],
233 silly audit   'expo-notifications': [ '57.0.3' ],
233 silly audit   'expo-server': [ '57.0.0' ],
233 silly audit   'expo-status-bar': [ '57.0.0' ],
233 silly audit   'expo-task-manager': [ '57.0.2' ],
233 silly audit   '@expo/cli': [ '57.0.6' ],
233 silly audit   '@expo/router-server': [ '57.0.2' ],
233 silly audit   '@expo/dom-webview': [ '57.0.0' ],
233 silly audit   '@expo/log-box': [ '57.0.0' ],
233 silly audit   '@expo/metro-config': [ '57.0.3' ],
233 silly audit   '@expo/ws-tunnel': [ '2.0.0' ],
233 silly audit   'babel-preset-expo': [ '57.0.2' ],
233 silly audit   'expo-asset': [ '57.0.3' ],
233 silly audit   'expo-file-system': [ '57.0.0' ],
233 silly audit   'expo-font': [ '57.0.0' ],
233 silly audit   'expo-keep-awake': [ '57.0.0' ],
233 silly audit   'mime-db': [ '1.52.0', '1.54.0' ],
233 silly audit   'mime-types': [ '2.1.35', '3.0.2' ],
233 silly audit   ws: [ '8.21.0', '7.5.11' ],
233 silly audit   'exponential-backoff': [ '3.1.3' ],
233 silly audit   'fast-deep-equal': [ '3.1.3' ],
233 silly audit   'fb-dotslash': [ '0.5.8' ],
233 silly audit   'fb-watchman': [ '2.0.2' ],
233 silly audit   fdir: [ '6.5.0' ],
233 silly audit   'fetch-nodeshim': [ '0.4.10' ],
233 silly audit   'fill-range': [ '7.1.1' ],
233 silly audit   'filter-obj': [ '1.1.0' ],
233 silly audit   finalhandler: [ '1.1.2' ],
233 silly audit   'flow-enums-runtime': [ '0.0.6' ],
233 silly audit   fontfaceobserver: [ '2.3.0' ],
233 silly audit   fresh: [ '0.5.2' ],
233 silly audit   'function-bind': [ '1.1.2' ],
233 silly audit   gensync: [ '1.0.0-beta.2' ],
233 silly audit   'get-caller-file': [ '2.0.5' ],
233 silly audit   getenv: [ '2.0.0' ],
233 silly audit   glob: [ '13.0.6' ],
233 silly audit   'graceful-fs': [ '4.2.11' ],
233 silly audit   'has-flag': [ '4.0.0', '3.0.0' ],
233 silly audit   hasown: [ '2.0.4' ],
233 silly audit   'hermes-compiler': [ '250829098.0.14' ],
233 silly audit   'hermes-estree': [ '0.36.0', '0.35.0' ],
233 silly audit   'hermes-parser': [ '0.36.0', '0.35.0' ],
233 silly audit   'hosted-git-info': [ '7.0.2' ],
233 silly audit   'lru-cache': [ '10.4.3', '5.1.1', '11.5.2' ],
233 silly audit   'http-errors': [ '2.0.1' ],
233 silly audit   statuses: [ '2.0.2', '1.5.0' ],
233 silly audit   'https-proxy-agent': [ '7.0.6' ],
233 silly audit   ignore: [ '5.3.2' ],
233 silly audit   'image-size': [ '1.2.1' ],
233 silly audit   inherits: [ '2.0.4' ],
233 silly audit   invariant: [ '2.2.4' ],
233 silly audit   'is-core-module': [ '2.16.2' ],
233 silly audit   'is-docker': [ '2.2.1' ],
233 silly audit   'is-number': [ '7.0.0' ],
233 silly audit   'is-wsl': [ '2.2.0' ],
233 silly audit   isexe: [ '2.0.0' ],
233 silly audit   'jest-get-type': [ '29.6.3' ],
233 silly audit   'jest-util': [ '29.7.0' ],
233 silly audit   '@jest/types': [ '29.6.3' ],
233 silly audit   '@types/istanbul-reports': [ '3.0.4' ],
233 silly audit   '@types/yargs': [ '17.0.35' ],
233 silly audit   picomatch: [ '2.3.2', '4.0.5' ],
233 silly audit   'jest-validate': [ '29.7.0' ],
233 silly audit   'jest-worker': [ '29.7.0' ],
233 silly audit   'supports-color': [ '8.1.1', '5.5.0', '7.2.0' ],
233 silly audit   'jimp-compact': [ '0.16.1' ],
233 silly audit   'js-tokens': [ '4.0.0' ],
233 silly audit   'js-yaml': [ '4.3.0' ],
233 silly audit   'jsc-safe-url': [ '0.2.4' ],
233 silly audit   jsesc: [ '3.1.0' ],
233 silly audit   json5: [ '2.2.3' ],
233 silly audit   kleur: [ '3.0.3' ],
233 silly audit   'lan-network': [ '0.2.1' ],
233 silly audit   leven: [ '3.1.0' ],
233 silly audit   'lighthouse-logger': [ '1.4.2' ],
233 silly audit   lightningcss: [ '1.32.0' ],
233 silly audit   'lightningcss-android-arm64': [ '1.32.0' ],
233 silly audit   'lightningcss-darwin-arm64': [ '1.32.0' ],
233 silly audit   'lightningcss-darwin-x64': [ '1.32.0' ],
233 silly audit   'lightningcss-freebsd-x64': [ '1.32.0' ],
233 silly audit   'lightningcss-linux-arm-gnueabihf': [ '1.32.0' ],
233 silly audit   'lightningcss-linux-arm64-gnu': [ '1.32.0' ],
233 silly audit   'lightningcss-linux-arm64-musl': [ '1.32.0' ],
233 silly audit   'lightningcss-linux-x64-gnu': [ '1.32.0' ],
233 silly audit   'lightningcss-linux-x64-musl': [ '1.32.0' ],
233 silly audit   'lightningcss-win32-arm64-msvc': [ '1.32.0' ],
233 silly audit   'lightningcss-win32-x64-msvc': [ '1.32.0' ],
233 silly audit   'lodash.debounce': [ '4.0.8' ],
233 silly audit   'lodash.throttle': [ '4.1.1' ],
233 silly audit   'log-symbols': [ '2.2.0' ],
233 silly audit   'loose-envify': [ '1.4.0' ],
233 silly audit   makeerror: [ '1.0.12' ],
233 silly audit   marky: [ '1.3.0' ],
233 silly audit   'memoize-one': [ '5.2.1' ],
233 silly audit   'merge-stream': [ '2.0.0' ],
233 silly audit   metro: [ '0.84.4' ],
233 silly audit   'metro-babel-transformer': [ '0.84.4' ],
233 silly audit   'metro-cache': [ '0.84.4' ],
233 silly audit   'metro-cache-key': [ '0.84.4' ],
233 silly audit   'metro-config': [ '0.84.4' ],
233 silly audit   'metro-core': [ '0.84.4' ],
233 silly audit   'metro-file-map': [ '0.84.4' ],
233 silly audit   'metro-minify-terser': [ '0.84.4' ],
233 silly audit   'metro-resolver': [ '0.84.4' ],
233 silly audit   'metro-runtime': [ '0.84.4' ],
233 silly audit   'metro-source-map': [ '0.84.4' ],
233 silly audit   'metro-symbolicate': [ '0.84.4' ],
233 silly audit   'metro-transform-plugins': [ '0.84.4' ],
233 silly audit   'metro-transform-worker': [ '0.84.4' ],
233 silly audit   micromatch: [ '4.0.8' ],
233 silly audit   mime: [ '1.6.0' ],
233 silly audit   'mimic-fn': [ '1.2.0' ],
233 silly audit   minimatch: [ '10.2.5' ],
233 silly audit   minipass: [ '7.1.3' ],
233 silly audit   mkdirp: [ '1.0.4' ],
233 silly audit   multitars: [ '1.0.0' ],
233 silly audit   nanoid: [ '3.3.16' ],
233 silly audit   'node-forge': [ '1.4.0' ],
233 silly audit   'node-int64': [ '0.4.0' ],
233 silly audit   'node-releases': [ '2.0.51' ],
233 silly audit   'npm-package-arg': [ '11.0.3' ],
233 silly audit   nullthrows: [ '1.1.1' ],
233 silly audit   ob1: [ '0.84.4' ],
233 silly audit   'on-finished': [ '2.3.0', '2.4.1' ],
233 silly audit   'on-headers': [ '1.1.0' ],
233 silly audit   onetime: [ '2.0.1' ],
233 silly audit   open: [ '7.4.2' ],
233 silly audit   ora: [ '3.4.0' ],
233 silly audit   'parse-png': [ '2.1.0' ],
233 silly audit   parseurl: [ '1.3.3' ],
233 silly audit   'path-key': [ '3.1.1' ],
233 silly audit   'path-parse': [ '1.0.7' ],
233 silly audit   'path-scurry': [ '2.0.2' ],
233 silly audit   picocolors: [ '1.1.1' ],
233 silly audit   plist: [ '3.1.1' ],
233 silly audit   pngjs: [ '3.4.0' ],
233 silly audit   postcss: [ '8.5.19' ],
233 silly audit   'pretty-format': [ '29.7.0' ],
233 silly audit   'react-is': [ '18.3.1', '16.13.1' ],
233 silly audit   'proc-log': [ '4.2.0' ],
233 silly audit   progress: [ '2.0.3' ],
233 silly audit   prompts: [ '2.4.2' ],
233 silly audit   'query-string': [ '7.1.3' ],
233 silly audit   queue: [ '6.0.2' ],
233 silly audit   'range-parser': [ '1.2.1' ],
233 silly audit   react: [ '19.2.3' ],
233 silly audit   'react-devtools-core': [ '6.1.5' ],
233 silly audit   'react-freeze': [ '1.0.4' ],
233 silly audit   'react-native': [ '0.86.0' ],
233 silly audit   'react-native-safe-area-context': [ '5.7.0' ],
233 silly audit   'react-native-screens': [ '4.25.2' ],
233 silly audit   promise: [ '8.3.0' ],
233 silly audit   'react-refresh': [ '0.14.2' ],
233 silly audit   regenerate: [ '1.4.2' ],
233 silly audit   'regenerate-unicode-properties': [ '10.2.2' ],
233 silly audit   'regenerator-runtime': [ '0.13.11' ],
233 silly audit   'regexpu-core': [ '6.4.0' ],
233 silly audit   regjsgen: [ '0.8.0' ],
233 silly audit   regjsparser: [ '0.13.2' ],
233 silly audit   'require-directory': [ '2.1.1' ],
233 silly audit   resolve: [ '1.22.12' ],
233 silly audit   'resolve-from': [ '5.0.0' ],
233 silly audit   'resolve-workspace-root': [ '2.0.1' ],
233 silly audit   'restore-cursor': [ '2.0.0' ],
233 silly audit   'safe-buffer': [ '5.2.1' ],
233 silly audit   sax: [ '1.6.0' ],
233 silly audit   scheduler: [ '0.27.0' ],
233 silly audit   send: [ '0.19.2' ],
233 silly audit   'serialize-error': [ '2.1.0' ],
233 silly audit   'serve-static': [ '1.16.3' ],
233 silly audit   setprototypeof: [ '1.2.0' ],
233 silly audit   'shebang-command': [ '2.0.0' ],
233 silly audit   'shebang-regex': [ '3.0.0' ],
233 silly audit   'shell-quote': [ '1.10.0' ],
233 silly audit   'signal-exit': [ '3.0.7' ],
233 silly audit   'simple-plist': [ '1.3.1' ],
233 silly audit   'simple-swizzle': [ '0.2.4' ],
233 silly audit   'is-arrayish': [ '0.3.4' ],
233 silly audit   sisteransi: [ '1.0.5' ],
233 silly audit   slugify: [ '1.6.9' ],
233 silly audit   'source-map': [ '0.5.7', '0.6.1' ],
233 silly audit   'source-map-js': [ '1.2.1' ],
233 silly audit   'source-map-support': [ '0.5.21' ],
233 silly audit   'split-on-first': [ '1.1.0' ],
233 silly audit   stackframe: [ '1.3.4' ],
233 silly audit   'stacktrace-parser': [ '0.1.11' ],
233 silly audit   'stream-buffers': [ '2.2.0' ],
233 silly audit   'strict-uri-encode': [ '2.0.0' ],
233 silly audit   'string-width': [ '4.2.3' ],
233 silly audit   'is-fullwidth-code-point': [ '3.0.0' ],
233 silly audit   'structured-headers': [ '0.4.1' ],
233 silly audit   'supports-hyperlinks': [ '2.3.0' ],
233 silly audit   'supports-preserve-symlinks-flag': [ '1.0.0' ],
233 silly audit   'terminal-link': [ '2.1.1' ],
233 silly audit   terser: [ '5.49.0' ],
233 silly audit   throat: [ '5.0.0' ],
233 silly audit   tinyglobby: [ '0.2.17' ],
233 silly audit   tmpl: [ '1.0.5' ],
233 silly audit   'to-regex-range': [ '5.0.1' ],
233 silly audit   toidentifier: [ '1.0.1' ],
233 silly audit   toqr: [ '0.1.1' ],
233 silly audit   tslib: [ '2.8.1' ],
233 silly audit   typescript: [ '6.0.3' ],
233 silly audit   'undici-types': [ '5.26.5' ],
233 silly audit   'unicode-canonical-property-names-ecmascript': [ '2.0.1' ],
233 silly audit   'unicode-match-property-ecmascript': [ '2.0.0' ],
233 silly audit   'unicode-match-property-value-ecmascript': [ '2.2.1' ],
233 silly audit   'unicode-property-aliases-ecmascript': [ '2.2.0' ],
233 silly audit   'unimodules-app-loader': [ '57.0.0' ],
233 silly audit   unpipe: [ '1.0.0' ],
233 silly audit   'update-browserslist-db': [ '1.2.3' ],
233 silly audit   'use-latest-callback': [ '0.2.6' ],
233 silly audit   'utils-merge': [ '1.0.1' ],
233 silly audit   'validate-npm-package-name': [ '5.0.1' ],
233 silly audit   vary: [ '1.1.2' ],
233 silly audit   vlq: [ '1.0.1' ],
233 silly audit   walker: [ '1.0.8' ],
233 silly audit   'warn-once': [ '0.1.1' ],
233 silly audit   wcwidth: [ '1.0.1' ],
233 silly audit   'whatwg-fetch': [ '3.6.20' ],
233 silly audit   'whatwg-url-minimum': [ '0.1.2' ],
233 silly audit   which: [ '2.0.2' ],
233 silly audit   'wrap-ansi': [ '7.0.0' ],
233 silly audit   xcode: [ '3.0.1' ],
233 silly audit   uuid: [ '7.0.3' ],
233 silly audit   xml2js: [ '0.6.0' ],
233 silly audit   xmlbuilder: [ '11.0.1', '15.1.1' ],
233 silly audit   y18n: [ '5.0.8' ],
233 silly audit   yallist: [ '3.1.1' ],
233 silly audit   yaml: [ '2.9.0' ],
233 silly audit   yargs: [ '17.7.3' ],
233 silly audit   'yargs-parser': [ '21.1.1' ],
233 silly audit   zod: [ '3.25.76' ],
233 silly audit   '@supabase/supabase-js': [ '2.110.7' ],
233 silly audit   'expo-dev-client': [ '57.0.7' ],
233 silly audit   'expo-sqlite': [ '57.0.1' ],
233 silly audit   'react-native-url-polyfill': [ '4.0.0' ],
233 silly audit   '@supabase/auth-js': [ '2.110.7' ],
233 silly audit   '@supabase/functions-js': [ '2.110.7' ],
233 silly audit   '@supabase/postgrest-js': [ '2.110.7' ],
233 silly audit   '@supabase/realtime-js': [ '2.110.7' ],
233 silly audit   '@supabase/storage-js': [ '2.110.7' ],
233 silly audit   '@supabase/phoenix': [ '0.4.5' ],
233 silly audit   'iceberg-js': [ '0.8.1' ],
233 silly audit   'expo-dev-launcher': [ '57.0.7' ],
233 silly audit   'expo-dev-menu': [ '57.0.7' ],
233 silly audit   'expo-dev-menu-interface': [ '57.0.0' ],
233 silly audit   'expo-manifests': [ '57.0.1' ],
233 silly audit   'expo-updates-interface': [ '57.0.1' ],
233 silly audit   '@expo/schema-utils': [ '57.0.2' ],
233 silly audit   'expo-json-utils': [ '57.0.1' ],
233 silly audit   'await-lock': [ '2.2.2' ]
233 silly audit }
234 http cache await-lock@https://registry.npmjs.org/await-lock/-/await-lock-2.2.2.tgz 0ms (cache hit)
235 http cache expo-json-utils@https://registry.npmjs.org/expo-json-utils/-/expo-json-utils-57.0.1.tgz 0ms (cache hit)
236 http cache expo-manifests@https://registry.npmjs.org/expo-manifests/-/expo-manifests-57.0.1.tgz 1ms (cache hit)
237 http cache expo-updates-interface@https://registry.npmjs.org/expo-updates-interface/-/expo-updates-interface-57.0.1.tgz 0ms (cache hit)
238 http cache expo-dev-menu-interface@https://registry.npmjs.org/expo-dev-menu-interface/-/expo-dev-menu-interface-57.0.0.tgz 0ms (cache hit)
239 http cache expo-dev-launcher@https://registry.npmjs.org/expo-dev-launcher/-/expo-dev-launcher-57.0.7.tgz 0ms (cache hit)
240 http cache @supabase/postgrest-js@https://registry.npmjs.org/@supabase/postgrest-js/-/postgrest-js-2.110.7.tgz 0ms (cache hit)
241 http cache expo-dev-menu@https://registry.npmjs.org/expo-dev-menu/-/expo-dev-menu-57.0.7.tgz 0ms (cache hit)
242 http cache iceberg-js@https://registry.npmjs.org/iceberg-js/-/iceberg-js-0.8.1.tgz 0ms (cache hit)
243 http cache @supabase/storage-js@https://registry.npmjs.org/@supabase/storage-js/-/storage-js-2.110.7.tgz 0ms (cache hit)
244 http cache @supabase/phoenix@https://registry.npmjs.org/@supabase/phoenix/-/phoenix-0.4.5.tgz 0ms (cache hit)
245 http cache @supabase/realtime-js@https://registry.npmjs.org/@supabase/realtime-js/-/realtime-js-2.110.7.tgz 0ms (cache hit)
246 http cache @supabase/auth-js@https://registry.npmjs.org/@supabase/auth-js/-/auth-js-2.110.7.tgz 0ms (cache hit)
247 http cache @supabase/functions-js@https://registry.npmjs.org/@supabase/functions-js/-/functions-js-2.110.7.tgz 0ms (cache hit)
248 http cache react-native-url-polyfill@https://registry.npmjs.org/react-native-url-polyfill/-/react-native-url-polyfill-4.0.0.tgz 0ms (cache hit)
249 http cache @supabase/supabase-js@https://registry.npmjs.org/@supabase/supabase-js/-/supabase-js-2.110.7.tgz 0ms (cache hit)
250 http cache @expo/schema-utils@https://registry.npmjs.org/@expo/schema-utils/-/schema-utils-57.0.2.tgz 0ms (cache hit)
251 silly tarball no local data for await-lock@https://registry.npmjs.org/await-lock/-/await-lock-2.2.2.tgz. Extracting by manifest.
252 silly tarball no local data for expo-json-utils@https://registry.npmjs.org/expo-json-utils/-/expo-json-utils-57.0.1.tgz. Extracting by manifest.
253 silly tarball no local data for expo-manifests@https://registry.npmjs.org/expo-manifests/-/expo-manifests-57.0.1.tgz. Extracting by manifest.
254 silly tarball no local data for expo-updates-interface@https://registry.npmjs.org/expo-updates-interface/-/expo-updates-interface-57.0.1.tgz. Extracting by manifest.
255 silly tarball no local data for expo-dev-menu-interface@https://registry.npmjs.org/expo-dev-menu-interface/-/expo-dev-menu-interface-57.0.0.tgz. Extracting by manifest.
256 silly tarball no local data for expo-dev-launcher@https://registry.npmjs.org/expo-dev-launcher/-/expo-dev-launcher-57.0.7.tgz. Extracting by manifest.
257 silly tarball no local data for @supabase/postgrest-js@https://registry.npmjs.org/@supabase/postgrest-js/-/postgrest-js-2.110.7.tgz. Extracting by manifest.
258 silly tarball no local data for expo-dev-menu@https://registry.npmjs.org/expo-dev-menu/-/expo-dev-menu-57.0.7.tgz. Extracting by manifest.
259 http cache expo-dev-client@https://registry.npmjs.org/expo-dev-client/-/expo-dev-client-57.0.7.tgz 0ms (cache hit)
260 silly tarball no local data for iceberg-js@https://registry.npmjs.org/iceberg-js/-/iceberg-js-0.8.1.tgz. Extracting by manifest.
261 silly tarball no local data for @supabase/storage-js@https://registry.npmjs.org/@supabase/storage-js/-/storage-js-2.110.7.tgz. Extracting by manifest.
262 silly tarball no local data for @supabase/phoenix@https://registry.npmjs.org/@supabase/phoenix/-/phoenix-0.4.5.tgz. Extracting by manifest.
263 http cache expo-sqlite@https://registry.npmjs.org/expo-sqlite/-/expo-sqlite-57.0.1.tgz 0ms (cache hit)
264 silly tarball no local data for @supabase/realtime-js@https://registry.npmjs.org/@supabase/realtime-js/-/realtime-js-2.110.7.tgz. Extracting by manifest.
265 silly tarball no local data for @supabase/auth-js@https://registry.npmjs.org/@supabase/auth-js/-/auth-js-2.110.7.tgz. Extracting by manifest.
266 silly tarball no local data for @supabase/functions-js@https://registry.npmjs.org/@supabase/functions-js/-/functions-js-2.110.7.tgz. Extracting by manifest.
267 silly tarball no local data for react-native-url-polyfill@https://registry.npmjs.org/react-native-url-polyfill/-/react-native-url-polyfill-4.0.0.tgz. Extracting by manifest.
268 silly tarball no local data for @supabase/supabase-js@https://registry.npmjs.org/@supabase/supabase-js/-/supabase-js-2.110.7.tgz. Extracting by manifest.
269 silly tarball no local data for @expo/schema-utils@https://registry.npmjs.org/@expo/schema-utils/-/schema-utils-57.0.2.tgz. Extracting by manifest.
270 silly tarball no local data for expo-dev-client@https://registry.npmjs.org/expo-dev-client/-/expo-dev-client-57.0.7.tgz. Extracting by manifest.
271 silly tarball no local data for expo-sqlite@https://registry.npmjs.org/expo-sqlite/-/expo-sqlite-57.0.1.tgz. Extracting by manifest.
272 http fetch GET 200 https://registry.npmjs.org/expo-dev-menu-interface/-/expo-dev-menu-interface-57.0.0.tgz 195ms (cache miss)
273 http fetch GET 200 https://registry.npmjs.org/await-lock/-/await-lock-2.2.2.tgz 202ms (cache miss)
274 http fetch GET 200 https://registry.npmjs.org/expo-manifests/-/expo-manifests-57.0.1.tgz 252ms (cache miss)
275 http fetch GET 200 https://registry.npmjs.org/expo-updates-interface/-/expo-updates-interface-57.0.1.tgz 255ms (cache miss)
276 http fetch GET 200 https://registry.npmjs.org/iceberg-js/-/iceberg-js-0.8.1.tgz 259ms (cache miss)
277 http fetch GET 200 https://registry.npmjs.org/expo-json-utils/-/expo-json-utils-57.0.1.tgz 330ms (cache miss)
278 http fetch POST 200 https://registry.npmjs.org/-/npm/v1/security/advisories/bulk 550ms
279 silly audit report {
279 silly audit report   uuid: [
279 silly audit report     {
279 silly audit report       id: 1119441,
279 silly audit report       url: 'https://github.com/advisories/GHSA-w5hq-g745-h8pq',
279 silly audit report       title: 'uuid: Missing buffer bounds check in v3/v5/v6 when buf is provided',
279 silly audit report       severity: 'moderate',
279 silly audit report       vulnerable_versions: '<11.1.1',
279 silly audit report       cwe: [Array],
279 silly audit report       cvss: [Object]
279 silly audit report     }
279 silly audit report   ]
279 silly audit report }
280 silly packumentCache corgi:https://registry.npmjs.org/uuid cache-miss
281 http fetch GET 200 https://registry.npmjs.org/react-native-url-polyfill/-/react-native-url-polyfill-4.0.0.tgz 575ms (cache miss)
282 http fetch GET 200 https://registry.npmjs.org/expo-dev-client/-/expo-dev-client-57.0.7.tgz 604ms (cache miss)
283 http fetch GET 200 https://registry.npmjs.org/@supabase/postgrest-js/-/postgrest-js-2.110.7.tgz 757ms (cache miss)
284 http fetch GET 200 https://registry.npmjs.org/@expo/schema-utils/-/schema-utils-57.0.2.tgz 855ms (cache miss)
285 http fetch GET 200 https://registry.npmjs.org/@supabase/storage-js/-/storage-js-2.110.7.tgz 926ms (cache miss)
286 http fetch GET 200 https://registry.npmjs.org/uuid 512ms (cache miss)
287 silly packumentCache corgi:https://registry.npmjs.org/uuid set size:undefined disposed:false
288 silly packumentCache corgi:https://registry.npmjs.org/xcode cache-miss
289 http fetch GET 200 https://registry.npmjs.org/@supabase/supabase-js/-/supabase-js-2.110.7.tgz 1094ms (cache miss)
290 http fetch GET 200 https://registry.npmjs.org/expo-dev-launcher/-/expo-dev-launcher-57.0.7.tgz 1420ms (cache miss)
291 http fetch GET 200 https://registry.npmjs.org/@supabase/functions-js/-/functions-js-2.110.7.tgz 1530ms (cache miss)
292 http fetch GET 200 https://registry.npmjs.org/@supabase/realtime-js/-/realtime-js-2.110.7.tgz 1660ms (cache miss)
293 http fetch GET 200 https://registry.npmjs.org/@supabase/phoenix/-/phoenix-0.4.5.tgz 1824ms (cache miss)
294 http fetch GET 200 https://registry.npmjs.org/expo-dev-menu/-/expo-dev-menu-57.0.7.tgz 1868ms (cache miss)
295 http fetch GET 200 https://registry.npmjs.org/xcode 1165ms (cache miss)
296 silly packumentCache corgi:https://registry.npmjs.org/xcode set size:undefined disposed:false
297 silly packumentCache corgi:https://registry.npmjs.org/@expo%2fconfig-plugins cache-miss
298 http fetch GET 200 https://registry.npmjs.org/@supabase/auth-js/-/auth-js-2.110.7.tgz 2312ms (cache miss)
299 http fetch GET 200 https://registry.npmjs.org/@expo%2fconfig-plugins 119ms (cache miss)
300 silly packumentCache corgi:https://registry.npmjs.org/@expo%2fconfig-plugins set size:undefined disposed:false
301 silly packumentCache corgi:https://registry.npmjs.org/@expo%2fconfig cache-miss
302 silly packumentCache corgi:https://registry.npmjs.org/@expo%2finline-modules cache-miss
303 silly packumentCache corgi:https://registry.npmjs.org/@expo%2fprebuild-config cache-miss
304 silly packumentCache corgi:https://registry.npmjs.org/expo cache-miss
305 silly packumentCache corgi:https://registry.npmjs.org/@expo%2fcli cache-miss
306 http fetch GET 200 https://registry.npmjs.org/@expo%2finline-modules 408ms (cache miss)
307 silly packumentCache corgi:https://registry.npmjs.org/@expo%2finline-modules set size:undefined disposed:false
308 http fetch GET 200 https://registry.npmjs.org/@expo%2fprebuild-config 511ms (cache miss)
309 silly packumentCache corgi:https://registry.npmjs.org/@expo%2fprebuild-config set size:undefined disposed:false
310 http fetch GET 200 https://registry.npmjs.org/@expo%2fconfig 672ms (cache miss)
311 silly packumentCache corgi:https://registry.npmjs.org/@expo%2fconfig set size:undefined disposed:false
312 http fetch GET 200 https://registry.npmjs.org/@expo%2fcli 683ms (cache miss)
313 silly packumentCache corgi:https://registry.npmjs.org/@expo%2fcli set size:undefined disposed:false
314 http fetch GET 200 https://registry.npmjs.org/expo 746ms (cache miss)
315 silly packumentCache corgi:https://registry.npmjs.org/expo set size:undefined disposed:false
316 silly packumentCache corgi:https://registry.npmjs.org/@expo%2flocal-build-cache-provider cache-miss
317 silly packumentCache corgi:https://registry.npmjs.org/@expo%2fmetro-config cache-miss
318 http fetch GET 200 https://registry.npmjs.org/@expo%2flocal-build-cache-provider 190ms (cache miss)
319 silly packumentCache corgi:https://registry.npmjs.org/@expo%2flocal-build-cache-provider set size:undefined disposed:false
320 http fetch GET 200 https://registry.npmjs.org/@expo%2fmetro-config 619ms (cache miss)
321 silly packumentCache corgi:https://registry.npmjs.org/@expo%2fmetro-config set size:undefined disposed:false
322 silly packumentCache corgi:https://registry.npmjs.org/expo-application cache-miss
323 silly packumentCache corgi:https://registry.npmjs.org/expo-constants cache-miss
324 silly packumentCache corgi:https://registry.npmjs.org/expo-image-loader cache-miss
325 silly packumentCache corgi:https://registry.npmjs.org/expo-image-picker cache-miss
326 silly packumentCache corgi:https://registry.npmjs.org/expo-location cache-miss
327 silly packumentCache corgi:https://registry.npmjs.org/expo-notifications cache-miss
328 silly packumentCache corgi:https://registry.npmjs.org/expo-status-bar cache-miss
329 silly packumentCache corgi:https://registry.npmjs.org/expo-task-manager cache-miss
330 silly packumentCache corgi:https://registry.npmjs.org/@expo%2frouter-server cache-miss
331 silly packumentCache corgi:https://registry.npmjs.org/@expo%2fdom-webview cache-miss
332 silly packumentCache corgi:https://registry.npmjs.org/@expo%2flog-box cache-miss
333 silly packumentCache corgi:https://registry.npmjs.org/babel-preset-expo cache-miss
334 silly packumentCache corgi:https://registry.npmjs.org/expo-asset cache-miss
335 silly packumentCache corgi:https://registry.npmjs.org/expo-file-system cache-miss
336 silly packumentCache corgi:https://registry.npmjs.org/expo-font cache-miss
337 silly packumentCache corgi:https://registry.npmjs.org/expo-keep-awake cache-miss
338 silly packumentCache corgi:https://registry.npmjs.org/expo-dev-client cache-miss
339 silly packumentCache corgi:https://registry.npmjs.org/expo-sqlite cache-miss
340 silly packumentCache corgi:https://registry.npmjs.org/expo-dev-launcher cache-miss
341 silly packumentCache corgi:https://registry.npmjs.org/expo-dev-menu cache-miss
342 silly packumentCache corgi:https://registry.npmjs.org/expo-dev-menu-interface cache-miss
343 silly packumentCache corgi:https://registry.npmjs.org/expo-manifests cache-miss
344 silly packumentCache corgi:https://registry.npmjs.org/expo-updates-interface cache-miss
345 http fetch GET 200 https://registry.npmjs.org/expo-application 163ms (cache miss)
346 silly packumentCache corgi:https://registry.npmjs.org/expo-application set size:undefined disposed:false
347 http fetch GET 200 https://registry.npmjs.org/expo-image-loader 198ms (cache miss)
348 silly packumentCache corgi:https://registry.npmjs.org/expo-image-loader set size:undefined disposed:false
349 http fetch GET 200 https://registry.npmjs.org/expo-status-bar 219ms (cache miss)
350 silly packumentCache corgi:https://registry.npmjs.org/expo-status-bar set size:undefined disposed:false
351 http fetch GET 200 https://registry.npmjs.org/expo-asset 317ms (cache miss)
352 silly packumentCache corgi:https://registry.npmjs.org/expo-asset set size:undefined disposed:false
353 http fetch GET 200 https://registry.npmjs.org/babel-preset-expo 365ms (cache miss)
354 silly packumentCache corgi:https://registry.npmjs.org/babel-preset-expo set size:undefined disposed:false
355 http fetch GET 200 https://registry.npmjs.org/@expo%2frouter-server 375ms (cache miss)
356 silly packumentCache corgi:https://registry.npmjs.org/@expo%2frouter-server set size:undefined disposed:false
357 http fetch GET 200 https://registry.npmjs.org/expo-image-picker 428ms (cache miss)
358 silly packumentCache corgi:https://registry.npmjs.org/expo-image-picker set size:undefined disposed:false
359 http fetch GET 200 https://registry.npmjs.org/expo-font 442ms (cache miss)
360 silly packumentCache corgi:https://registry.npmjs.org/expo-font set size:undefined disposed:false
361 http fetch GET 200 https://registry.npmjs.org/expo-location 460ms (cache miss)
362 silly packumentCache corgi:https://registry.npmjs.org/expo-location set size:undefined disposed:false
363 http fetch GET 200 https://registry.npmjs.org/expo-keep-awake 486ms (cache miss)
364 silly packumentCache corgi:https://registry.npmjs.org/expo-keep-awake set size:undefined disposed:false
365 http fetch GET 200 https://registry.npmjs.org/expo-task-manager 548ms (cache miss)
366 silly packumentCache corgi:https://registry.npmjs.org/expo-task-manager set size:undefined disposed:false
367 http fetch GET 200 https://registry.npmjs.org/expo-constants 561ms (cache miss)
368 silly packumentCache corgi:https://registry.npmjs.org/expo-constants set size:undefined disposed:false
369 http fetch GET 200 https://registry.npmjs.org/expo-file-system 576ms (cache miss)
370 silly packumentCache corgi:https://registry.npmjs.org/expo-file-system set size:undefined disposed:false
371 http fetch GET 200 https://registry.npmjs.org/@expo%2fdom-webview 592ms (cache miss)
372 silly packumentCache corgi:https://registry.npmjs.org/@expo%2fdom-webview set size:undefined disposed:false
373 http fetch GET 200 https://registry.npmjs.org/expo-sqlite 696ms (cache miss)
374 silly packumentCache corgi:https://registry.npmjs.org/expo-sqlite set size:undefined disposed:false
375 http fetch GET 200 https://registry.npmjs.org/expo-manifests 706ms (cache miss)
376 silly packumentCache corgi:https://registry.npmjs.org/expo-manifests set size:undefined disposed:false
377 http fetch GET 200 https://registry.npmjs.org/@expo%2flog-box 747ms (cache miss)
378 silly packumentCache corgi:https://registry.npmjs.org/@expo%2flog-box set size:undefined disposed:false
379 http fetch GET 200 https://registry.npmjs.org/expo-dev-client 726ms (cache miss)
380 silly packumentCache corgi:https://registry.npmjs.org/expo-dev-client set size:undefined disposed:false
381 http fetch GET 200 https://registry.npmjs.org/expo-updates-interface 754ms (cache miss)
382 silly packumentCache corgi:https://registry.npmjs.org/expo-updates-interface set size:undefined disposed:false
383 http fetch GET 200 https://registry.npmjs.org/expo-notifications 789ms (cache miss)
384 silly packumentCache corgi:https://registry.npmjs.org/expo-notifications set size:undefined disposed:false
385 http fetch GET 200 https://registry.npmjs.org/expo-dev-menu 782ms (cache miss)
386 silly packumentCache corgi:https://registry.npmjs.org/expo-dev-menu set size:undefined disposed:false
387 http fetch GET 200 https://registry.npmjs.org/expo-dev-menu-interface 802ms (cache miss)
388 silly packumentCache corgi:https://registry.npmjs.org/expo-dev-menu-interface set size:undefined disposed:false
389 http fetch GET 200 https://registry.npmjs.org/expo-dev-launcher 808ms (cache miss)
390 silly packumentCache corgi:https://registry.npmjs.org/expo-dev-launcher set size:undefined disposed:false
391 http fetch GET 200 https://registry.npmjs.org/expo-sqlite/-/expo-sqlite-57.0.1.tgz 12680ms (cache miss)
392 silly ADD node_modules/await-lock
393 silly ADD node_modules/expo-json-utils
394 silly ADD node_modules/expo-updates-interface
395 silly ADD node_modules/expo-manifests
396 silly ADD node_modules/expo-dev-menu-interface
397 silly ADD node_modules/expo-dev-menu
398 silly ADD node_modules/expo-dev-launcher
399 silly ADD node_modules/iceberg-js
400 silly ADD node_modules/@supabase/phoenix
401 silly ADD node_modules/@supabase/storage-js
402 silly ADD node_modules/@supabase/realtime-js
403 silly ADD node_modules/@supabase/postgrest-js
404 silly ADD node_modules/@supabase/functions-js
405 silly ADD node_modules/@supabase/auth-js
406 silly ADD node_modules/react-native-url-polyfill
407 silly ADD node_modules/expo-sqlite
408 silly ADD node_modules/expo-dev-client
409 silly ADD node_modules/@supabase/supabase-js
410 silly REMOVE node_modules/websocket-extensions
411 silly REMOVE node_modules/websocket-driver
412 silly REMOVE node_modules/undici
413 silly REMOVE node_modules/protobufjs
414 silly REMOVE node_modules/long
415 silly REMOVE node_modules/lodash.camelcase
416 silly REMOVE node_modules/idb
417 silly REMOVE node_modules/http-parser-js
418 silly REMOVE node_modules/firebase
419 silly REMOVE node_modules/faye-websocket
420 silly REMOVE node_modules/@protobufjs/utf8
421 silly REMOVE node_modules/@protobufjs/pool
422 silly REMOVE node_modules/@protobufjs/path
423 silly REMOVE node_modules/@protobufjs/float
424 silly REMOVE node_modules/@protobufjs/fetch
425 silly REMOVE node_modules/@protobufjs/eventemitter
426 silly REMOVE node_modules/@protobufjs/codegen
427 silly REMOVE node_modules/@protobufjs/base64
428 silly REMOVE node_modules/@protobufjs/aspromise
429 silly REMOVE node_modules/@grpc/proto-loader
430 silly REMOVE node_modules/@grpc/grpc-js
431 silly REMOVE node_modules/@firebase/webchannel-wrapper
432 silly REMOVE node_modules/@firebase/vertexai-preview
433 silly REMOVE node_modules/@firebase/util
434 silly REMOVE node_modules/@firebase/storage-types
435 silly REMOVE node_modules/@firebase/storage-compat
436 silly REMOVE node_modules/@firebase/storage
437 silly REMOVE node_modules/@firebase/remote-config-types
438 silly REMOVE node_modules/@firebase/remote-config-compat
439 silly REMOVE node_modules/@firebase/remote-config
440 silly REMOVE node_modules/@firebase/performance-types
441 silly REMOVE node_modules/@firebase/performance-compat
442 silly REMOVE node_modules/@firebase/performance
443 silly REMOVE node_modules/@firebase/messaging-interop-types
444 silly REMOVE node_modules/@firebase/messaging-compat
445 silly REMOVE node_modules/@firebase/messaging
446 silly REMOVE node_modules/@firebase/logger
447 silly REMOVE node_modules/@firebase/installations-types
448 silly REMOVE node_modules/@firebase/installations-compat
449 silly REMOVE node_modules/@firebase/installations
450 silly REMOVE node_modules/@firebase/functions-types
451 silly REMOVE node_modules/@firebase/functions-compat
452 silly REMOVE node_modules/@firebase/functions
453 silly REMOVE node_modules/@firebase/firestore-types
454 silly REMOVE node_modules/@firebase/firestore-compat
455 silly REMOVE node_modules/@firebase/firestore
456 silly REMOVE node_modules/@firebase/database-types
457 silly REMOVE node_modules/@firebase/database-compat
458 silly REMOVE node_modules/@firebase/database
459 silly REMOVE node_modules/@firebase/data-connect
460 silly REMOVE node_modules/@firebase/component
461 silly REMOVE node_modules/@firebase/auth-types
462 silly REMOVE node_modules/@firebase/auth-interop-types
463 silly REMOVE node_modules/@firebase/auth-compat
464 silly REMOVE node_modules/@firebase/auth
465 silly REMOVE node_modules/@firebase/app-types
466 silly REMOVE node_modules/@firebase/app-compat
467 silly REMOVE node_modules/@firebase/app-check-types
468 silly REMOVE node_modules/@firebase/app-check-interop-types
469 silly REMOVE node_modules/@firebase/app-check-compat
470 silly REMOVE node_modules/@firebase/app-check
471 silly REMOVE node_modules/@firebase/app
472 silly REMOVE node_modules/@firebase/analytics-types
473 silly REMOVE node_modules/@firebase/analytics-compat
474 silly REMOVE node_modules/@firebase/analytics
475 silly CHANGE node_modules/@expo/schema-utils
476 verbose cwd C:\Users\enriq\Desktop\CoupleApp2
477 verbose os Windows_NT 10.0.26200
478 verbose node v25.8.0
479 verbose npm  v11.18.0
480 verbose exit 0
481 info ok
